22:16:32 **** Programing project CubeTimer on chip ****
/opt/Ac6/SystemWorkbench/plugins/fr.ac6.mcu.externaltools.openocd.linux64_1.8.0.201603291120/tools/openocd/bin/openocd -f stm32f4discovery.cfg -s /opt/Ac6/SystemWorkbench/plugins/fr.ac6.mcu.debug_1.8.0.201603291114/resources/openocd/scripts/st_board -s /opt/Ac6/SystemWorkbench/plugins/fr.ac6.mcu.debug_1.8.0.201603291114/resources/openocd/scripts -c "program Debug/CubeTimer.elf verify reset exit" 
Open On-Chip Debugger 0.10.0-dev-00265-g12ff60f (2016-03-11-12:04)
Licensed under GNU GPL v2
For bug reports, read
	http://openocd.org/doc/doxygen/bugs.html
Info : auto-selecting first available session transport "hla_swd". To override use 'transport select <transport>'.
Info : The selected transport took over low-level target control. The results might differ compared to plain JTAG/SWD
adapter speed: 2000 kHz
adapter_nsrst_delay: 100
srst_only separate srst_nogate srst_open_drain connect_assert_srst
srst_only separate srst_nogate srst_open_drain connect_assert_srst
Info : Unable to match requested speed 2000 kHz, using 1800 kHz
Info : Unable to match requested speed 2000 kHz, using 1800 kHz
Info : clock speed 1800 kHz
Info : STLINK v2 JTAG v25 API v2 SWIM v0 VID 0x0483 PID 0x3748
Info : using stlink api v2
Info : Target voltage: 2.914489
Info : stm32f4x.cpu: hardware has 6 breakpoints, 4 watchpoints
Info : Unable to match requested speed 2000 kHz, using 1800 kHz
Info : Unable to match requested speed 2000 kHz, using 1800 kHz
adapter speed: 1800 kHz
stm32f4x.cpu: target state: halted
target halted due to debug-request, current mode: Thread 
xPSR: 0x01000000 pc: 0x08001098 msp: 0x20020000
configuring PLL
** Programming Started **
auto erase enabled
Info : device id = 0x10016413
Info : flash size = 1024kbytes
stm32f4x.cpu: target state: halted
target halted due to breakpoint, current mode: Thread 
xPSR: 0x61000000 pc: 0x20000046 msp: 0x20020000
wrote 16384 bytes from file Debug/CubeTimer.elf in 0.766345s (20.878 KiB/s)
** Programming Finished **
** Verify Started **
stm32f4x.cpu: target state: halted
target halted due to breakpoint, current mode: Thread 
xPSR: 0x61000000 pc: 0x2000002e msp: 0x20020000
verified 4456 bytes in 0.166361s (26.157 KiB/s)
** Verified OK **
** Resetting Target **
Info : Unable to match requested speed 2000 kHz, using 1800 kHz
Info : Unable to match requested speed 2000 kHz, using 1800 kHz
adapter speed: 1800 kHz
shutdown command invoked

22:16:34 Build Finished (took 1s.309ms)

