15:38:26 **** Build of configuration Debug for project Disc-HAL_SPISlave ****
make all 
Building file: /home/hendri/MyWorkspace/workspaceSTMcubeMX/Disc-HAL_SPISlave/Drivers/STM32F4xx_HAL_Driver/Src/stm32f4xx_hal.c
Invoking: MCU GCC Compiler
/home/hendri/MyWorkspace/workspaceSTMcubeMX/Disc-HAL_SPISlave/SW4STM32/Disc-HAL_SPISlave/Debug
arm-none-eabi-gcc -mcpu=cortex-m4 -mthumb -mfloat-abi=hard -mfpu=fpv4-sp-d16 -D__weak="__attribute__((weak))" -D__packed="__attribute__((__packed__))" -DUSE_HAL_DRIVER -DSTM32F407xx -I"/home/hendri/MyWorkspace/workspaceSTMcubeMX/Disc-HAL_SPISlave/Inc" -I"/home/hendri/MyWorkspace/workspaceSTMcubeMX/Disc-HAL_SPISlave/Drivers/STM32F4xx_HAL_Driver/Inc" -I"/home/hendri/MyWorkspace/workspaceSTMcubeMX/Disc-HAL_SPISlave/Drivers/STM32F4xx_HAL_Driver/Inc/Legacy" -I"/home/hendri/MyWorkspace/workspaceSTMcubeMX/Disc-HAL_SPISlave/Drivers/CMSIS/Include" -I"/home/hendri/MyWorkspace/workspaceSTMcubeMX/Disc-HAL_SPISlave/Drivers/CMSIS/Device/ST/STM32F4xx/Include" -I"/home/hendri/MyWorkspace/workspaceSTMcubeMX/Disc-HAL_SPISlave/Inc"  -Os -g3 -Wall -fmessage-length=0 -ffunction-sections -c -fmessage-length=0 -MMD -MP -MF"Drivers/STM32F4xx_HAL_Driver/stm32f4xx_hal.d" -MT"Drivers/STM32F4xx_HAL_Driver/stm32f4xx_hal.o" -o "Drivers/STM32F4xx_HAL_Driver/stm32f4xx_hal.o" "/home/hendri/MyWorkspace/workspaceSTMcubeMX/Disc-HAL_SPISlave/Drivers/STM32F4xx_HAL_Driver/Src/stm32f4xx_hal.c"
Finished building: /home/hendri/MyWorkspace/workspaceSTMcubeMX/Disc-HAL_SPISlave/Drivers/STM32F4xx_HAL_Driver/Src/stm32f4xx_hal.c
 
Building file: /home/hendri/MyWorkspace/workspaceSTMcubeMX/Disc-HAL_SPISlave/Drivers/STM32F4xx_HAL_Driver/Src/stm32f4xx_hal_cortex.c
Invoking: MCU GCC Compiler
/home/hendri/MyWorkspace/workspaceSTMcubeMX/Disc-HAL_SPISlave/SW4STM32/Disc-HAL_SPISlave/Debug
arm-none-eabi-gcc -mcpu=cortex-m4 -mthumb -mfloat-abi=hard -mfpu=fpv4-sp-d16 -D__weak="__attribute__((weak))" -D__packed="__attribute__((__packed__))" -DUSE_HAL_DRIVER -DSTM32F407xx -I"/home/hendri/MyWorkspace/workspaceSTMcubeMX/Disc-HAL_SPISlave/Inc" -I"/home/hendri/MyWorkspace/workspaceSTMcubeMX/Disc-HAL_SPISlave/Drivers/STM32F4xx_HAL_Driver/Inc" -I"/home/hendri/MyWorkspace/workspaceSTMcubeMX/Disc-HAL_SPISlave/Drivers/STM32F4xx_HAL_Driver/Inc/Legacy" -I"/home/hendri/MyWorkspace/workspaceSTMcubeMX/Disc-HAL_SPISlave/Drivers/CMSIS/Include" -I"/home/hendri/MyWorkspace/workspaceSTMcubeMX/Disc-HAL_SPISlave/Drivers/CMSIS/Device/ST/STM32F4xx/Include" -I"/home/hendri/MyWorkspace/workspaceSTMcubeMX/Disc-HAL_SPISlave/Inc"  -Os -g3 -Wall -fmessage-length=0 -ffunction-sections -c -fmessage-length=0 -MMD -MP -MF"Drivers/STM32F4xx_HAL_Driver/stm32f4xx_hal_cortex.d" -MT"Drivers/STM32F4xx_HAL_Driver/stm32f4xx_hal_cortex.o" -o "Drivers/STM32F4xx_HAL_Driver/stm32f4xx_hal_cortex.o" "/home/hendri/MyWorkspace/workspaceSTMcubeMX/Disc-HAL_SPISlave/Drivers/STM32F4xx_HAL_Driver/Src/stm32f4xx_hal_cortex.c"
Finished building: /home/hendri/MyWorkspace/workspaceSTMcubeMX/Disc-HAL_SPISlave/Drivers/STM32F4xx_HAL_Driver/Src/stm32f4xx_hal_cortex.c
 
Building file: /home/hendri/MyWorkspace/workspaceSTMcubeMX/Disc-HAL_SPISlave/Drivers/STM32F4xx_HAL_Driver/Src/stm32f4xx_hal_dma.c
Invoking: MCU GCC Compiler
/home/hendri/MyWorkspace/workspaceSTMcubeMX/Disc-HAL_SPISlave/SW4STM32/Disc-HAL_SPISlave/Debug
arm-none-eabi-gcc -mcpu=cortex-m4 -mthumb -mfloat-abi=hard -mfpu=fpv4-sp-d16 -D__weak="__attribute__((weak))" -D__packed="__attribute__((__packed__))" -DUSE_HAL_DRIVER -DSTM32F407xx -I"/home/hendri/MyWorkspace/workspaceSTMcubeMX/Disc-HAL_SPISlave/Inc" -I"/home/hendri/MyWorkspace/workspaceSTMcubeMX/Disc-HAL_SPISlave/Drivers/STM32F4xx_HAL_Driver/Inc" -I"/home/hendri/MyWorkspace/workspaceSTMcubeMX/Disc-HAL_SPISlave/Drivers/STM32F4xx_HAL_Driver/Inc/Legacy" -I"/home/hendri/MyWorkspace/workspaceSTMcubeMX/Disc-HAL_SPISlave/Drivers/CMSIS/Include" -I"/home/hendri/MyWorkspace/workspaceSTMcubeMX/Disc-HAL_SPISlave/Drivers/CMSIS/Device/ST/STM32F4xx/Include" -I"/home/hendri/MyWorkspace/workspaceSTMcubeMX/Disc-HAL_SPISlave/Inc"  -Os -g3 -Wall -fmessage-length=0 -ffunction-sections -c -fmessage-length=0 -MMD -MP -MF"Drivers/STM32F4xx_HAL_Driver/stm32f4xx_hal_dma.d" -MT"Drivers/STM32F4xx_HAL_Driver/stm32f4xx_hal_dma.o" -o "Drivers/STM32F4xx_HAL_Driver/stm32f4xx_hal_dma.o" "/home/hendri/MyWorkspace/workspaceSTMcubeMX/Disc-HAL_SPISlave/Drivers/STM32F4xx_HAL_Driver/Src/stm32f4xx_hal_dma.c"
Finished building: /home/hendri/MyWorkspace/workspaceSTMcubeMX/Disc-HAL_SPISlave/Drivers/STM32F4xx_HAL_Driver/Src/stm32f4xx_hal_dma.c
 
Building file: /home/hendri/MyWorkspace/workspaceSTMcubeMX/Disc-HAL_SPISlave/Drivers/STM32F4xx_HAL_Driver/Src/stm32f4xx_hal_dma_ex.c
Invoking: MCU GCC Compiler
/home/hendri/MyWorkspace/workspaceSTMcubeMX/Disc-HAL_SPISlave/SW4STM32/Disc-HAL_SPISlave/Debug
arm-none-eabi-gcc -mcpu=cortex-m4 -mthumb -mfloat-abi=hard -mfpu=fpv4-sp-d16 -D__weak="__attribute__((weak))" -D__packed="__attribute__((__packed__))" -DUSE_HAL_DRIVER -DSTM32F407xx -I"/home/hendri/MyWorkspace/workspaceSTMcubeMX/Disc-HAL_SPISlave/Inc" -I"/home/hendri/MyWorkspace/workspaceSTMcubeMX/Disc-HAL_SPISlave/Drivers/STM32F4xx_HAL_Driver/Inc" -I"/home/hendri/MyWorkspace/workspaceSTMcubeMX/Disc-HAL_SPISlave/Drivers/STM32F4xx_HAL_Driver/Inc/Legacy" -I"/home/hendri/MyWorkspace/workspaceSTMcubeMX/Disc-HAL_SPISlave/Drivers/CMSIS/Include" -I"/home/hendri/MyWorkspace/workspaceSTMcubeMX/Disc-HAL_SPISlave/Drivers/CMSIS/Device/ST/STM32F4xx/Include" -I"/home/hendri/MyWorkspace/workspaceSTMcubeMX/Disc-HAL_SPISlave/Inc"  -Os -g3 -Wall -fmessage-length=0 -ffunction-sections -c -fmessage-length=0 -MMD -MP -MF"Drivers/STM32F4xx_HAL_Driver/stm32f4xx_hal_dma_ex.d" -MT"Drivers/STM32F4xx_HAL_Driver/stm32f4xx_hal_dma_ex.o" -o "Drivers/STM32F4xx_HAL_Driver/stm32f4xx_hal_dma_ex.o" "/home/hendri/MyWorkspace/workspaceSTMcubeMX/Disc-HAL_SPISlave/Drivers/STM32F4xx_HAL_Driver/Src/stm32f4xx_hal_dma_ex.c"
Finished building: /home/hendri/MyWorkspace/workspaceSTMcubeMX/Disc-HAL_SPISlave/Drivers/STM32F4xx_HAL_Driver/Src/stm32f4xx_hal_dma_ex.c
 
Building file: /home/hendri/MyWorkspace/workspaceSTMcubeMX/Disc-HAL_SPISlave/Drivers/STM32F4xx_HAL_Driver/Src/stm32f4xx_hal_flash.c
Invoking: MCU GCC Compiler
/home/hendri/MyWorkspace/workspaceSTMcubeMX/Disc-HAL_SPISlave/SW4STM32/Disc-HAL_SPISlave/Debug
arm-none-eabi-gcc -mcpu=cortex-m4 -mthumb -mfloat-abi=hard -mfpu=fpv4-sp-d16 -D__weak="__attribute__((weak))" -D__packed="__attribute__((__packed__))" -DUSE_HAL_DRIVER -DSTM32F407xx -I"/home/hendri/MyWorkspace/workspaceSTMcubeMX/Disc-HAL_SPISlave/Inc" -I"/home/hendri/MyWorkspace/workspaceSTMcubeMX/Disc-HAL_SPISlave/Drivers/STM32F4xx_HAL_Driver/Inc" -I"/home/hendri/MyWorkspace/workspaceSTMcubeMX/Disc-HAL_SPISlave/Drivers/STM32F4xx_HAL_Driver/Inc/Legacy" -I"/home/hendri/MyWorkspace/workspaceSTMcubeMX/Disc-HAL_SPISlave/Drivers/CMSIS/Include" -I"/home/hendri/MyWorkspace/workspaceSTMcubeMX/Disc-HAL_SPISlave/Drivers/CMSIS/Device/ST/STM32F4xx/Include" -I"/home/hendri/MyWorkspace/workspaceSTMcubeMX/Disc-HAL_SPISlave/Inc"  -Os -g3 -Wall -fmessage-length=0 -ffunction-sections -c -fmessage-length=0 -MMD -MP -MF"Drivers/STM32F4xx_HAL_Driver/stm32f4xx_hal_flash.d" -MT"Drivers/STM32F4xx_HAL_Driver/stm32f4xx_hal_flash.o" -o "Drivers/STM32F4xx_HAL_Driver/stm32f4xx_hal_flash.o" "/home/hendri/MyWorkspace/workspaceSTMcubeMX/Disc-HAL_SPISlave/Drivers/STM32F4xx_HAL_Driver/Src/stm32f4xx_hal_flash.c"
Finished building: /home/hendri/MyWorkspace/workspaceSTMcubeMX/Disc-HAL_SPISlave/Drivers/STM32F4xx_HAL_Driver/Src/stm32f4xx_hal_flash.c
 
Building file: /home/hendri/MyWorkspace/workspaceSTMcubeMX/Disc-HAL_SPISlave/Drivers/STM32F4xx_HAL_Driver/Src/stm32f4xx_hal_flash_ex.c
Invoking: MCU GCC Compiler
/home/hendri/MyWorkspace/workspaceSTMcubeMX/Disc-HAL_SPISlave/SW4STM32/Disc-HAL_SPISlave/Debug
arm-none-eabi-gcc -mcpu=cortex-m4 -mthumb -mfloat-abi=hard -mfpu=fpv4-sp-d16 -D__weak="__attribute__((weak))" -D__packed="__attribute__((__packed__))" -DUSE_HAL_DRIVER -DSTM32F407xx -I"/home/hendri/MyWorkspace/workspaceSTMcubeMX/Disc-HAL_SPISlave/Inc" -I"/home/hendri/MyWorkspace/workspaceSTMcubeMX/Disc-HAL_SPISlave/Drivers/STM32F4xx_HAL_Driver/Inc" -I"/home/hendri/MyWorkspace/workspaceSTMcubeMX/Disc-HAL_SPISlave/Drivers/STM32F4xx_HAL_Driver/Inc/Legacy" -I"/home/hendri/MyWorkspace/workspaceSTMcubeMX/Disc-HAL_SPISlave/Drivers/CMSIS/Include" -I"/home/hendri/MyWorkspace/workspaceSTMcubeMX/Disc-HAL_SPISlave/Drivers/CMSIS/Device/ST/STM32F4xx/Include" -I"/home/hendri/MyWorkspace/workspaceSTMcubeMX/Disc-HAL_SPISlave/Inc"  -Os -g3 -Wall -fmessage-length=0 -ffunction-sections -c -fmessage-length=0 -MMD -MP -MF"Drivers/STM32F4xx_HAL_Driver/stm32f4xx_hal_flash_ex.d" -MT"Drivers/STM32F4xx_HAL_Driver/stm32f4xx_hal_flash_ex.o" -o "Drivers/STM32F4xx_HAL_Driver/stm32f4xx_hal_flash_ex.o" "/home/hendri/MyWorkspace/workspaceSTMcubeMX/Disc-HAL_SPISlave/Drivers/STM32F4xx_HAL_Driver/Src/stm32f4xx_hal_flash_ex.c"
Finished building: /home/hendri/MyWorkspace/workspaceSTMcubeMX/Disc-HAL_SPISlave/Drivers/STM32F4xx_HAL_Driver/Src/stm32f4xx_hal_flash_ex.c
 
Building file: /home/hendri/MyWorkspace/workspaceSTMcubeMX/Disc-HAL_SPISlave/Drivers/STM32F4xx_HAL_Driver/Src/stm32f4xx_hal_flash_ramfunc.c
Invoking: MCU GCC Compiler
/home/hendri/MyWorkspace/workspaceSTMcubeMX/Disc-HAL_SPISlave/SW4STM32/Disc-HAL_SPISlave/Debug
arm-none-eabi-gcc -mcpu=cortex-m4 -mthumb -mfloat-abi=hard -mfpu=fpv4-sp-d16 -D__weak="__attribute__((weak))" -D__packed="__attribute__((__packed__))" -DUSE_HAL_DRIVER -DSTM32F407xx -I"/home/hendri/MyWorkspace/workspaceSTMcubeMX/Disc-HAL_SPISlave/Inc" -I"/home/hendri/MyWorkspace/workspaceSTMcubeMX/Disc-HAL_SPISlave/Drivers/STM32F4xx_HAL_Driver/Inc" -I"/home/hendri/MyWorkspace/workspaceSTMcubeMX/Disc-HAL_SPISlave/Drivers/STM32F4xx_HAL_Driver/Inc/Legacy" -I"/home/hendri/MyWorkspace/workspaceSTMcubeMX/Disc-HAL_SPISlave/Drivers/CMSIS/Include" -I"/home/hendri/MyWorkspace/workspaceSTMcubeMX/Disc-HAL_SPISlave/Drivers/CMSIS/Device/ST/STM32F4xx/Include" -I"/home/hendri/MyWorkspace/workspaceSTMcubeMX/Disc-HAL_SPISlave/Inc"  -Os -g3 -Wall -fmessage-length=0 -ffunction-sections -c -fmessage-length=0 -MMD -MP -MF"Drivers/STM32F4xx_HAL_Driver/stm32f4xx_hal_flash_ramfunc.d" -MT"Drivers/STM32F4xx_HAL_Driver/stm32f4xx_hal_flash_ramfunc.o" -o "Drivers/STM32F4xx_HAL_Driver/stm32f4xx_hal_flash_ramfunc.o" "/home/hendri/MyWorkspace/workspaceSTMcubeMX/Disc-HAL_SPISlave/Drivers/STM32F4xx_HAL_Driver/Src/stm32f4xx_hal_flash_ramfunc.c"
Finished building: /home/hendri/MyWorkspace/workspaceSTMcubeMX/Disc-HAL_SPISlave/Drivers/STM32F4xx_HAL_Driver/Src/stm32f4xx_hal_flash_ramfunc.c
 
Building file: /home/hendri/MyWorkspace/workspaceSTMcubeMX/Disc-HAL_SPISlave/Drivers/STM32F4xx_HAL_Driver/Src/stm32f4xx_hal_gpio.c
Invoking: MCU GCC Compiler
/home/hendri/MyWorkspace/workspaceSTMcubeMX/Disc-HAL_SPISlave/SW4STM32/Disc-HAL_SPISlave/Debug
arm-none-eabi-gcc -mcpu=cortex-m4 -mthumb -mfloat-abi=hard -mfpu=fpv4-sp-d16 -D__weak="__attribute__((weak))" -D__packed="__attribute__((__packed__))" -DUSE_HAL_DRIVER -DSTM32F407xx -I"/home/hendri/MyWorkspace/workspaceSTMcubeMX/Disc-HAL_SPISlave/Inc" -I"/home/hendri/MyWorkspace/workspaceSTMcubeMX/Disc-HAL_SPISlave/Drivers/STM32F4xx_HAL_Driver/Inc" -I"/home/hendri/MyWorkspace/workspaceSTMcubeMX/Disc-HAL_SPISlave/Drivers/STM32F4xx_HAL_Driver/Inc/Legacy" -I"/home/hendri/MyWorkspace/workspaceSTMcubeMX/Disc-HAL_SPISlave/Drivers/CMSIS/Include" -I"/home/hendri/MyWorkspace/workspaceSTMcubeMX/Disc-HAL_SPISlave/Drivers/CMSIS/Device/ST/STM32F4xx/Include" -I"/home/hendri/MyWorkspace/workspaceSTMcubeMX/Disc-HAL_SPISlave/Inc"  -Os -g3 -Wall -fmessage-length=0 -ffunction-sections -c -fmessage-length=0 -MMD -MP -MF"Drivers/STM32F4xx_HAL_Driver/stm32f4xx_hal_gpio.d" -MT"Drivers/STM32F4xx_HAL_Driver/stm32f4xx_hal_gpio.o" -o "Drivers/STM32F4xx_HAL_Driver/stm32f4xx_hal_gpio.o" "/home/hendri/MyWorkspace/workspaceSTMcubeMX/Disc-HAL_SPISlave/Drivers/STM32F4xx_HAL_Driver/Src/stm32f4xx_hal_gpio.c"
Finished building: /home/hendri/MyWorkspace/workspaceSTMcubeMX/Disc-HAL_SPISlave/Drivers/STM32F4xx_HAL_Driver/Src/stm32f4xx_hal_gpio.c
 
Building file: /home/hendri/MyWorkspace/workspaceSTMcubeMX/Disc-HAL_SPISlave/Drivers/STM32F4xx_HAL_Driver/Src/stm32f4xx_hal_pwr.c
Invoking: MCU GCC Compiler
/home/hendri/MyWorkspace/workspaceSTMcubeMX/Disc-HAL_SPISlave/SW4STM32/Disc-HAL_SPISlave/Debug
arm-none-eabi-gcc -mcpu=cortex-m4 -mthumb -mfloat-abi=hard -mfpu=fpv4-sp-d16 -D__weak="__attribute__((weak))" -D__packed="__attribute__((__packed__))" -DUSE_HAL_DRIVER -DSTM32F407xx -I"/home/hendri/MyWorkspace/workspaceSTMcubeMX/Disc-HAL_SPISlave/Inc" -I"/home/hendri/MyWorkspace/workspaceSTMcubeMX/Disc-HAL_SPISlave/Drivers/STM32F4xx_HAL_Driver/Inc" -I"/home/hendri/MyWorkspace/workspaceSTMcubeMX/Disc-HAL_SPISlave/Drivers/STM32F4xx_HAL_Driver/Inc/Legacy" -I"/home/hendri/MyWorkspace/workspaceSTMcubeMX/Disc-HAL_SPISlave/Drivers/CMSIS/Include" -I"/home/hendri/MyWorkspace/workspaceSTMcubeMX/Disc-HAL_SPISlave/Drivers/CMSIS/Device/ST/STM32F4xx/Include" -I"/home/hendri/MyWorkspace/workspaceSTMcubeMX/Disc-HAL_SPISlave/Inc"  -Os -g3 -Wall -fmessage-length=0 -ffunction-sections -c -fmessage-length=0 -MMD -MP -MF"Drivers/STM32F4xx_HAL_Driver/stm32f4xx_hal_pwr.d" -MT"Drivers/STM32F4xx_HAL_Driver/stm32f4xx_hal_pwr.o" -o "Drivers/STM32F4xx_HAL_Driver/stm32f4xx_hal_pwr.o" "/home/hendri/MyWorkspace/workspaceSTMcubeMX/Disc-HAL_SPISlave/Drivers/STM32F4xx_HAL_Driver/Src/stm32f4xx_hal_pwr.c"
Finished building: /home/hendri/MyWorkspace/workspaceSTMcubeMX/Disc-HAL_SPISlave/Drivers/STM32F4xx_HAL_Driver/Src/stm32f4xx_hal_pwr.c
 
Building file: /home/hendri/MyWorkspace/workspaceSTMcubeMX/Disc-HAL_SPISlave/Drivers/STM32F4xx_HAL_Driver/Src/stm32f4xx_hal_pwr_ex.c
Invoking: MCU GCC Compiler
/home/hendri/MyWorkspace/workspaceSTMcubeMX/Disc-HAL_SPISlave/SW4STM32/Disc-HAL_SPISlave/Debug
arm-none-eabi-gcc -mcpu=cortex-m4 -mthumb -mfloat-abi=hard -mfpu=fpv4-sp-d16 -D__weak="__attribute__((weak))" -D__packed="__attribute__((__packed__))" -DUSE_HAL_DRIVER -DSTM32F407xx -I"/home/hendri/MyWorkspace/workspaceSTMcubeMX/Disc-HAL_SPISlave/Inc" -I"/home/hendri/MyWorkspace/workspaceSTMcubeMX/Disc-HAL_SPISlave/Drivers/STM32F4xx_HAL_Driver/Inc" -I"/home/hendri/MyWorkspace/workspaceSTMcubeMX/Disc-HAL_SPISlave/Drivers/STM32F4xx_HAL_Driver/Inc/Legacy" -I"/home/hendri/MyWorkspace/workspaceSTMcubeMX/Disc-HAL_SPISlave/Drivers/CMSIS/Include" -I"/home/hendri/MyWorkspace/workspaceSTMcubeMX/Disc-HAL_SPISlave/Drivers/CMSIS/Device/ST/STM32F4xx/Include" -I"/home/hendri/MyWorkspace/workspaceSTMcubeMX/Disc-HAL_SPISlave/Inc"  -Os -g3 -Wall -fmessage-length=0 -ffunction-sections -c -fmessage-length=0 -MMD -MP -MF"Drivers/STM32F4xx_HAL_Driver/stm32f4xx_hal_pwr_ex.d" -MT"Drivers/STM32F4xx_HAL_Driver/stm32f4xx_hal_pwr_ex.o" -o "Drivers/STM32F4xx_HAL_Driver/stm32f4xx_hal_pwr_ex.o" "/home/hendri/MyWorkspace/workspaceSTMcubeMX/Disc-HAL_SPISlave/Drivers/STM32F4xx_HAL_Driver/Src/stm32f4xx_hal_pwr_ex.c"
Finished building: /home/hendri/MyWorkspace/workspaceSTMcubeMX/Disc-HAL_SPISlave/Drivers/STM32F4xx_HAL_Driver/Src/stm32f4xx_hal_pwr_ex.c
 
Building file: /home/hendri/MyWorkspace/workspaceSTMcubeMX/Disc-HAL_SPISlave/Drivers/STM32F4xx_HAL_Driver/Src/stm32f4xx_hal_rcc.c
Invoking: MCU GCC Compiler
/home/hendri/MyWorkspace/workspaceSTMcubeMX/Disc-HAL_SPISlave/SW4STM32/Disc-HAL_SPISlave/Debug
arm-none-eabi-gcc -mcpu=cortex-m4 -mthumb -mfloat-abi=hard -mfpu=fpv4-sp-d16 -D__weak="__attribute__((weak))" -D__packed="__attribute__((__packed__))" -DUSE_HAL_DRIVER -DSTM32F407xx -I"/home/hendri/MyWorkspace/workspaceSTMcubeMX/Disc-HAL_SPISlave/Inc" -I"/home/hendri/MyWorkspace/workspaceSTMcubeMX/Disc-HAL_SPISlave/Drivers/STM32F4xx_HAL_Driver/Inc" -I"/home/hendri/MyWorkspace/workspaceSTMcubeMX/Disc-HAL_SPISlave/Drivers/STM32F4xx_HAL_Driver/Inc/Legacy" -I"/home/hendri/MyWorkspace/workspaceSTMcubeMX/Disc-HAL_SPISlave/Drivers/CMSIS/Include" -I"/home/hendri/MyWorkspace/workspaceSTMcubeMX/Disc-HAL_SPISlave/Drivers/CMSIS/Device/ST/STM32F4xx/Include" -I"/home/hendri/MyWorkspace/workspaceSTMcubeMX/Disc-HAL_SPISlave/Inc"  -Os -g3 -Wall -fmessage-length=0 -ffunction-sections -c -fmessage-length=0 -MMD -MP -MF"Drivers/STM32F4xx_HAL_Driver/stm32f4xx_hal_rcc.d" -MT"Drivers/STM32F4xx_HAL_Driver/stm32f4xx_hal_rcc.o" -o "Drivers/STM32F4xx_HAL_Driver/stm32f4xx_hal_rcc.o" "/home/hendri/MyWorkspace/workspaceSTMcubeMX/Disc-HAL_SPISlave/Drivers/STM32F4xx_HAL_Driver/Src/stm32f4xx_hal_rcc.c"
Finished building: /home/hendri/MyWorkspace/workspaceSTMcubeMX/Disc-HAL_SPISlave/Drivers/STM32F4xx_HAL_Driver/Src/stm32f4xx_hal_rcc.c
 
Building file: /home/hendri/MyWorkspace/workspaceSTMcubeMX/Disc-HAL_SPISlave/Drivers/STM32F4xx_HAL_Driver/Src/stm32f4xx_hal_rcc_ex.c
Invoking: MCU GCC Compiler
/home/hendri/MyWorkspace/workspaceSTMcubeMX/Disc-HAL_SPISlave/SW4STM32/Disc-HAL_SPISlave/Debug
arm-none-eabi-gcc -mcpu=cortex-m4 -mthumb -mfloat-abi=hard -mfpu=fpv4-sp-d16 -D__weak="__attribute__((weak))" -D__packed="__attribute__((__packed__))" -DUSE_HAL_DRIVER -DSTM32F407xx -I"/home/hendri/MyWorkspace/workspaceSTMcubeMX/Disc-HAL_SPISlave/Inc" -I"/home/hendri/MyWorkspace/workspaceSTMcubeMX/Disc-HAL_SPISlave/Drivers/STM32F4xx_HAL_Driver/Inc" -I"/home/hendri/MyWorkspace/workspaceSTMcubeMX/Disc-HAL_SPISlave/Drivers/STM32F4xx_HAL_Driver/Inc/Legacy" -I"/home/hendri/MyWorkspace/workspaceSTMcubeMX/Disc-HAL_SPISlave/Drivers/CMSIS/Include" -I"/home/hendri/MyWorkspace/workspaceSTMcubeMX/Disc-HAL_SPISlave/Drivers/CMSIS/Device/ST/STM32F4xx/Include" -I"/home/hendri/MyWorkspace/workspaceSTMcubeMX/Disc-HAL_SPISlave/Inc"  -Os -g3 -Wall -fmessage-length=0 -ffunction-sections -c -fmessage-length=0 -MMD -MP -MF"Drivers/STM32F4xx_HAL_Driver/stm32f4xx_hal_rcc_ex.d" -MT"Drivers/STM32F4xx_HAL_Driver/stm32f4xx_hal_rcc_ex.o" -o "Drivers/STM32F4xx_HAL_Driver/stm32f4xx_hal_rcc_ex.o" "/home/hendri/MyWorkspace/workspaceSTMcubeMX/Disc-HAL_SPISlave/Drivers/STM32F4xx_HAL_Driver/Src/stm32f4xx_hal_rcc_ex.c"
Finished building: /home/hendri/MyWorkspace/workspaceSTMcubeMX/Disc-HAL_SPISlave/Drivers/STM32F4xx_HAL_Driver/Src/stm32f4xx_hal_rcc_ex.c
 
Building file: /home/hendri/MyWorkspace/workspaceSTMcubeMX/Disc-HAL_SPISlave/Drivers/STM32F4xx_HAL_Driver/Src/stm32f4xx_hal_spi.c
Invoking: MCU GCC Compiler
/home/hendri/MyWorkspace/workspaceSTMcubeMX/Disc-HAL_SPISlave/SW4STM32/Disc-HAL_SPISlave/Debug
arm-none-eabi-gcc -mcpu=cortex-m4 -mthumb -mfloat-abi=hard -mfpu=fpv4-sp-d16 -D__weak="__attribute__((weak))" -D__packed="__attribute__((__packed__))" -DUSE_HAL_DRIVER -DSTM32F407xx -I"/home/hendri/MyWorkspace/workspaceSTMcubeMX/Disc-HAL_SPISlave/Inc" -I"/home/hendri/MyWorkspace/workspaceSTMcubeMX/Disc-HAL_SPISlave/Drivers/STM32F4xx_HAL_Driver/Inc" -I"/home/hendri/MyWorkspace/workspaceSTMcubeMX/Disc-HAL_SPISlave/Drivers/STM32F4xx_HAL_Driver/Inc/Legacy" -I"/home/hendri/MyWorkspace/workspaceSTMcubeMX/Disc-HAL_SPISlave/Drivers/CMSIS/Include" -I"/home/hendri/MyWorkspace/workspaceSTMcubeMX/Disc-HAL_SPISlave/Drivers/CMSIS/Device/ST/STM32F4xx/Include" -I"/home/hendri/MyWorkspace/workspaceSTMcubeMX/Disc-HAL_SPISlave/Inc"  -Os -g3 -Wall -fmessage-length=0 -ffunction-sections -c -fmessage-length=0 -MMD -MP -MF"Drivers/STM32F4xx_HAL_Driver/stm32f4xx_hal_spi.d" -MT"Drivers/STM32F4xx_HAL_Driver/stm32f4xx_hal_spi.o" -o "Drivers/STM32F4xx_HAL_Driver/stm32f4xx_hal_spi.o" "/home/hendri/MyWorkspace/workspaceSTMcubeMX/Disc-HAL_SPISlave/Drivers/STM32F4xx_HAL_Driver/Src/stm32f4xx_hal_spi.c"
Finished building: /home/hendri/MyWorkspace/workspaceSTMcubeMX/Disc-HAL_SPISlave/Drivers/STM32F4xx_HAL_Driver/Src/stm32f4xx_hal_spi.c
 
Building file: /home/hendri/MyWorkspace/workspaceSTMcubeMX/Disc-HAL_SPISlave/Drivers/STM32F4xx_HAL_Driver/Src/stm32f4xx_hal_tim.c
Invoking: MCU GCC Compiler
/home/hendri/MyWorkspace/workspaceSTMcubeMX/Disc-HAL_SPISlave/SW4STM32/Disc-HAL_SPISlave/Debug
arm-none-eabi-gcc -mcpu=cortex-m4 -mthumb -mfloat-abi=hard -mfpu=fpv4-sp-d16 -D__weak="__attribute__((weak))" -D__packed="__attribute__((__packed__))" -DUSE_HAL_DRIVER -DSTM32F407xx -I"/home/hendri/MyWorkspace/workspaceSTMcubeMX/Disc-HAL_SPISlave/Inc" -I"/home/hendri/MyWorkspace/workspaceSTMcubeMX/Disc-HAL_SPISlave/Drivers/STM32F4xx_HAL_Driver/Inc" -I"/home/hendri/MyWorkspace/workspaceSTMcubeMX/Disc-HAL_SPISlave/Drivers/STM32F4xx_HAL_Driver/Inc/Legacy" -I"/home/hendri/MyWorkspace/workspaceSTMcubeMX/Disc-HAL_SPISlave/Drivers/CMSIS/Include" -I"/home/hendri/MyWorkspace/workspaceSTMcubeMX/Disc-HAL_SPISlave/Drivers/CMSIS/Device/ST/STM32F4xx/Include" -I"/home/hendri/MyWorkspace/workspaceSTMcubeMX/Disc-HAL_SPISlave/Inc"  -Os -g3 -Wall -fmessage-length=0 -ffunction-sections -c -fmessage-length=0 -MMD -MP -MF"Drivers/STM32F4xx_HAL_Driver/stm32f4xx_hal_tim.d" -MT"Drivers/STM32F4xx_HAL_Driver/stm32f4xx_hal_tim.o" -o "Drivers/STM32F4xx_HAL_Driver/stm32f4xx_hal_tim.o" "/home/hendri/MyWorkspace/workspaceSTMcubeMX/Disc-HAL_SPISlave/Drivers/STM32F4xx_HAL_Driver/Src/stm32f4xx_hal_tim.c"
Finished building: /home/hendri/MyWorkspace/workspaceSTMcubeMX/Disc-HAL_SPISlave/Drivers/STM32F4xx_HAL_Driver/Src/stm32f4xx_hal_tim.c
 
Building file: /home/hendri/MyWorkspace/workspaceSTMcubeMX/Disc-HAL_SPISlave/Drivers/STM32F4xx_HAL_Driver/Src/stm32f4xx_hal_tim_ex.c
Invoking: MCU GCC Compiler
/home/hendri/MyWorkspace/workspaceSTMcubeMX/Disc-HAL_SPISlave/SW4STM32/Disc-HAL_SPISlave/Debug
arm-none-eabi-gcc -mcpu=cortex-m4 -mthumb -mfloat-abi=hard -mfpu=fpv4-sp-d16 -D__weak="__attribute__((weak))" -D__packed="__attribute__((__packed__))" -DUSE_HAL_DRIVER -DSTM32F407xx -I"/home/hendri/MyWorkspace/workspaceSTMcubeMX/Disc-HAL_SPISlave/Inc" -I"/home/hendri/MyWorkspace/workspaceSTMcubeMX/Disc-HAL_SPISlave/Drivers/STM32F4xx_HAL_Driver/Inc" -I"/home/hendri/MyWorkspace/workspaceSTMcubeMX/Disc-HAL_SPISlave/Drivers/STM32F4xx_HAL_Driver/Inc/Legacy" -I"/home/hendri/MyWorkspace/workspaceSTMcubeMX/Disc-HAL_SPISlave/Drivers/CMSIS/Include" -I"/home/hendri/MyWorkspace/workspaceSTMcubeMX/Disc-HAL_SPISlave/Drivers/CMSIS/Device/ST/STM32F4xx/Include" -I"/home/hendri/MyWorkspace/workspaceSTMcubeMX/Disc-HAL_SPISlave/Inc"  -Os -g3 -Wall -fmessage-length=0 -ffunction-sections -c -fmessage-length=0 -MMD -MP -MF"Drivers/STM32F4xx_HAL_Driver/stm32f4xx_hal_tim_ex.d" -MT"Drivers/STM32F4xx_HAL_Driver/stm32f4xx_hal_tim_ex.o" -o "Drivers/STM32F4xx_HAL_Driver/stm32f4xx_hal_tim_ex.o" "/home/hendri/MyWorkspace/workspaceSTMcubeMX/Disc-HAL_SPISlave/Drivers/STM32F4xx_HAL_Driver/Src/stm32f4xx_hal_tim_ex.c"
Finished building: /home/hendri/MyWorkspace/workspaceSTMcubeMX/Disc-HAL_SPISlave/Drivers/STM32F4xx_HAL_Driver/Src/stm32f4xx_hal_tim_ex.c
 
Building file: /home/hendri/MyWorkspace/workspaceSTMcubeMX/Disc-HAL_SPISlave/Drivers/STM32F4xx_HAL_Driver/Src/stm32f4xx_hal_uart.c
Invoking: MCU GCC Compiler
/home/hendri/MyWorkspace/workspaceSTMcubeMX/Disc-HAL_SPISlave/SW4STM32/Disc-HAL_SPISlave/Debug
arm-none-eabi-gcc -mcpu=cortex-m4 -mthumb -mfloat-abi=hard -mfpu=fpv4-sp-d16 -D__weak="__attribute__((weak))" -D__packed="__attribute__((__packed__))" -DUSE_HAL_DRIVER -DSTM32F407xx -I"/home/hendri/MyWorkspace/workspaceSTMcubeMX/Disc-HAL_SPISlave/Inc" -I"/home/hendri/MyWorkspace/workspaceSTMcubeMX/Disc-HAL_SPISlave/Drivers/STM32F4xx_HAL_Driver/Inc" -I"/home/hendri/MyWorkspace/workspaceSTMcubeMX/Disc-HAL_SPISlave/Drivers/STM32F4xx_HAL_Driver/Inc/Legacy" -I"/home/hendri/MyWorkspace/workspaceSTMcubeMX/Disc-HAL_SPISlave/Drivers/CMSIS/Include" -I"/home/hendri/MyWorkspace/workspaceSTMcubeMX/Disc-HAL_SPISlave/Drivers/CMSIS/Device/ST/STM32F4xx/Include" -I"/home/hendri/MyWorkspace/workspaceSTMcubeMX/Disc-HAL_SPISlave/Inc"  -Os -g3 -Wall -fmessage-length=0 -ffunction-sections -c -fmessage-length=0 -MMD -MP -MF"Drivers/STM32F4xx_HAL_Driver/stm32f4xx_hal_uart.d" -MT"Drivers/STM32F4xx_HAL_Driver/stm32f4xx_hal_uart.o" -o "Drivers/STM32F4xx_HAL_Driver/stm32f4xx_hal_uart.o" "/home/hendri/MyWorkspace/workspaceSTMcubeMX/Disc-HAL_SPISlave/Drivers/STM32F4xx_HAL_Driver/Src/stm32f4xx_hal_uart.c"
Finished building: /home/hendri/MyWorkspace/workspaceSTMcubeMX/Disc-HAL_SPISlave/Drivers/STM32F4xx_HAL_Driver/Src/stm32f4xx_hal_uart.c
 
Building file: /home/hendri/MyWorkspace/workspaceSTMcubeMX/Disc-HAL_SPISlave/Drivers/CMSIS/Device/ST/STM32F4xx/Source/Templates/system_stm32f4xx.c
Invoking: MCU GCC Compiler
/home/hendri/MyWorkspace/workspaceSTMcubeMX/Disc-HAL_SPISlave/SW4STM32/Disc-HAL_SPISlave/Debug
arm-none-eabi-gcc -mcpu=cortex-m4 -mthumb -mfloat-abi=hard -mfpu=fpv4-sp-d16 -D__weak="__attribute__((weak))" -D__packed="__attribute__((__packed__))" -DUSE_HAL_DRIVER -DSTM32F407xx -I"/home/hendri/MyWorkspace/workspaceSTMcubeMX/Disc-HAL_SPISlave/Inc" -I"/home/hendri/MyWorkspace/workspaceSTMcubeMX/Disc-HAL_SPISlave/Drivers/STM32F4xx_HAL_Driver/Inc" -I"/home/hendri/MyWorkspace/workspaceSTMcubeMX/Disc-HAL_SPISlave/Drivers/STM32F4xx_HAL_Driver/Inc/Legacy" -I"/home/hendri/MyWorkspace/workspaceSTMcubeMX/Disc-HAL_SPISlave/Drivers/CMSIS/Include" -I"/home/hendri/MyWorkspace/workspaceSTMcubeMX/Disc-HAL_SPISlave/Drivers/CMSIS/Device/ST/STM32F4xx/Include" -I"/home/hendri/MyWorkspace/workspaceSTMcubeMX/Disc-HAL_SPISlave/Inc"  -Os -g3 -Wall -fmessage-length=0 -ffunction-sections -c -fmessage-length=0 -MMD -MP -MF"Drivers/CMSIS/system_stm32f4xx.d" -MT"Drivers/CMSIS/system_stm32f4xx.o" -o "Drivers/CMSIS/system_stm32f4xx.o" "/home/hendri/MyWorkspace/workspaceSTMcubeMX/Disc-HAL_SPISlave/Drivers/CMSIS/Device/ST/STM32F4xx/Source/Templates/system_stm32f4xx.c"
Finished building: /home/hendri/MyWorkspace/workspaceSTMcubeMX/Disc-HAL_SPISlave/Drivers/CMSIS/Device/ST/STM32F4xx/Source/Templates/system_stm32f4xx.c
 
Building file: /home/hendri/MyWorkspace/workspaceSTMcubeMX/Disc-HAL_SPISlave/Src/main.c
Invoking: MCU GCC Compiler
/home/hendri/MyWorkspace/workspaceSTMcubeMX/Disc-HAL_SPISlave/SW4STM32/Disc-HAL_SPISlave/Debug
arm-none-eabi-gcc -mcpu=cortex-m4 -mthumb -mfloat-abi=hard -mfpu=fpv4-sp-d16 -D__weak="__attribute__((weak))" -D__packed="__attribute__((__packed__))" -DUSE_HAL_DRIVER -DSTM32F407xx -I"/home/hendri/MyWorkspace/workspaceSTMcubeMX/Disc-HAL_SPISlave/Inc" -I"/home/hendri/MyWorkspace/workspaceSTMcubeMX/Disc-HAL_SPISlave/Drivers/STM32F4xx_HAL_Driver/Inc" -I"/home/hendri/MyWorkspace/workspaceSTMcubeMX/Disc-HAL_SPISlave/Drivers/STM32F4xx_HAL_Driver/Inc/Legacy" -I"/home/hendri/MyWorkspace/workspaceSTMcubeMX/Disc-HAL_SPISlave/Drivers/CMSIS/Include" -I"/home/hendri/MyWorkspace/workspaceSTMcubeMX/Disc-HAL_SPISlave/Drivers/CMSIS/Device/ST/STM32F4xx/Include" -I"/home/hendri/MyWorkspace/workspaceSTMcubeMX/Disc-HAL_SPISlave/Inc"  -Os -g3 -Wall -fmessage-length=0 -ffunction-sections -c -fmessage-length=0 -MMD -MP -MF"Application/User/main.d" -MT"Application/User/main.o" -o "Application/User/main.o" "/home/hendri/MyWorkspace/workspaceSTMcubeMX/Disc-HAL_SPISlave/Src/main.c"
Finished building: /home/hendri/MyWorkspace/workspaceSTMcubeMX/Disc-HAL_SPISlave/Src/main.c
 
Building file: /home/hendri/MyWorkspace/workspaceSTMcubeMX/Disc-HAL_SPISlave/Src/stm32f4xx_hal_msp.c
Invoking: MCU GCC Compiler
/home/hendri/MyWorkspace/workspaceSTMcubeMX/Disc-HAL_SPISlave/SW4STM32/Disc-HAL_SPISlave/Debug
arm-none-eabi-gcc -mcpu=cortex-m4 -mthumb -mfloat-abi=hard -mfpu=fpv4-sp-d16 -D__weak="__attribute__((weak))" -D__packed="__attribute__((__packed__))" -DUSE_HAL_DRIVER -DSTM32F407xx -I"/home/hendri/MyWorkspace/workspaceSTMcubeMX/Disc-HAL_SPISlave/Inc" -I"/home/hendri/MyWorkspace/workspaceSTMcubeMX/Disc-HAL_SPISlave/Drivers/STM32F4xx_HAL_Driver/Inc" -I"/home/hendri/MyWorkspace/workspaceSTMcubeMX/Disc-HAL_SPISlave/Drivers/STM32F4xx_HAL_Driver/Inc/Legacy" -I"/home/hendri/MyWorkspace/workspaceSTMcubeMX/Disc-HAL_SPISlave/Drivers/CMSIS/Include" -I"/home/hendri/MyWorkspace/workspaceSTMcubeMX/Disc-HAL_SPISlave/Drivers/CMSIS/Device/ST/STM32F4xx/Include" -I"/home/hendri/MyWorkspace/workspaceSTMcubeMX/Disc-HAL_SPISlave/Inc"  -Os -g3 -Wall -fmessage-length=0 -ffunction-sections -c -fmessage-length=0 -MMD -MP -MF"Application/User/stm32f4xx_hal_msp.d" -MT"Application/User/stm32f4xx_hal_msp.o" -o "Application/User/stm32f4xx_hal_msp.o" "/home/hendri/MyWorkspace/workspaceSTMcubeMX/Disc-HAL_SPISlave/Src/stm32f4xx_hal_msp.c"
Finished building: /home/hendri/MyWorkspace/workspaceSTMcubeMX/Disc-HAL_SPISlave/Src/stm32f4xx_hal_msp.c
 
Building file: /home/hendri/MyWorkspace/workspaceSTMcubeMX/Disc-HAL_SPISlave/Src/stm32f4xx_it.c
Invoking: MCU GCC Compiler
/home/hendri/MyWorkspace/workspaceSTMcubeMX/Disc-HAL_SPISlave/SW4STM32/Disc-HAL_SPISlave/Debug
arm-none-eabi-gcc -mcpu=cortex-m4 -mthumb -mfloat-abi=hard -mfpu=fpv4-sp-d16 -D__weak="__attribute__((weak))" -D__packed="__attribute__((__packed__))" -DUSE_HAL_DRIVER -DSTM32F407xx -I"/home/hendri/MyWorkspace/workspaceSTMcubeMX/Disc-HAL_SPISlave/Inc" -I"/home/hendri/MyWorkspace/workspaceSTMcubeMX/Disc-HAL_SPISlave/Drivers/STM32F4xx_HAL_Driver/Inc" -I"/home/hendri/MyWorkspace/workspaceSTMcubeMX/Disc-HAL_SPISlave/Drivers/STM32F4xx_HAL_Driver/Inc/Legacy" -I"/home/hendri/MyWorkspace/workspaceSTMcubeMX/Disc-HAL_SPISlave/Drivers/CMSIS/Include" -I"/home/hendri/MyWorkspace/workspaceSTMcubeMX/Disc-HAL_SPISlave/Drivers/CMSIS/Device/ST/STM32F4xx/Include" -I"/home/hendri/MyWorkspace/workspaceSTMcubeMX/Disc-HAL_SPISlave/Inc"  -Os -g3 -Wall -fmessage-length=0 -ffunction-sections -c -fmessage-length=0 -MMD -MP -MF"Application/User/stm32f4xx_it.d" -MT"Application/User/stm32f4xx_it.o" -o "Application/User/stm32f4xx_it.o" "/home/hendri/MyWorkspace/workspaceSTMcubeMX/Disc-HAL_SPISlave/Src/stm32f4xx_it.c"
Finished building: /home/hendri/MyWorkspace/workspaceSTMcubeMX/Disc-HAL_SPISlave/Src/stm32f4xx_it.c
 
Building file: /home/hendri/MyWorkspace/workspaceSTMcubeMX/Disc-HAL_SPISlave/Drivers/CMSIS/Device/ST/STM32F4xx/Source/Templates/gcc/startup_stm32f407xx.s
Invoking: MCU GCC Assembler
/home/hendri/MyWorkspace/workspaceSTMcubeMX/Disc-HAL_SPISlave/SW4STM32/Disc-HAL_SPISlave/Debug
arm-none-eabi-as -mcpu=cortex-m4 -mthumb -mfloat-abi=hard -mfpu=fpv4-sp-d16 -g -o "Application/SW4STM32/startup_stm32f407xx.o" "/home/hendri/MyWorkspace/workspaceSTMcubeMX/Disc-HAL_SPISlave/Drivers/CMSIS/Device/ST/STM32F4xx/Source/Templates/gcc/startup_stm32f407xx.s"
Finished building: /home/hendri/MyWorkspace/workspaceSTMcubeMX/Disc-HAL_SPISlave/Drivers/CMSIS/Device/ST/STM32F4xx/Source/Templates/gcc/startup_stm32f407xx.s
 
Building target: Disc-HAL_SPISlave.elf
Invoking: MCU GCC Linker
arm-none-eabi-gcc -mcpu=cortex-m4 -mthumb -mfloat-abi=hard -mfpu=fpv4-sp-d16 -specs=nosys.specs -specs=nano.specs -T"../STM32F407VGTx_FLASH.ld" -Wl,-Map=output.map -Wl,--gc-sections -lm -o "Disc-HAL_SPISlave.elf" @"objects.list"  
Finished building target: Disc-HAL_SPISlave.elf
 
make --no-print-directory post-build
Generating binary and Printing size information:
arm-none-eabi-objcopy -O binary "Disc-HAL_SPISlave.elf" "Disc-HAL_SPISlave.bin"
arm-none-eabi-size "Disc-HAL_SPISlave.elf"
   text	   data	    bss	    dec	    hex	filename
   4296	     12	   1724	   6032	   1790	Disc-HAL_SPISlave.elf
 

15:38:34 Build Finished (took 7s.101ms)

