16:28:00 **** Build of configuration Debug for project FreeRTOS-01_TwoTask ****
make all 
Building file: ../Src/freertos.c
Invoking: MCU GCC Compiler
/home/hendri/MyWorkspace/workspaceAC6/FreeRTOS-01_TwoTask/Debug
arm-none-eabi-gcc -mcpu=cortex-m4 -mthumb -mfloat-abi=hard -mfpu=fpv4-sp-d16 -D__weak="__attribute__((weak))" -D__packed="__attribute__((__packed__))" -DUSE_HAL_DRIVER -DSTM32F407xx -I"/home/hendri/MyWorkspace/workspaceAC6/FreeRTOS-01_TwoTask/Inc" -I"/home/hendri/MyWorkspace/workspaceAC6/FreeRTOS-01_TwoTask/Drivers/STM32F4xx_HAL_Driver/Inc" -I"/home/hendri/MyWorkspace/workspaceAC6/FreeRTOS-01_TwoTask/Drivers/STM32F4xx_HAL_Driver/Inc/Legacy" -I"/home/hendri/MyWorkspace/workspaceAC6/FreeRTOS-01_TwoTask/Middlewares/Third_Party/FreeRTOS/Source/portable/GCC/ARM_CM4F" -I"/home/hendri/MyWorkspace/workspaceAC6/FreeRTOS-01_TwoTask/Middlewares/Third_Party/FreeRTOS/Source/include" -I"/home/hendri/MyWorkspace/workspaceAC6/FreeRTOS-01_TwoTask/Middlewares/Third_Party/FreeRTOS/Source/CMSIS_RTOS" -I"/home/hendri/MyWorkspace/workspaceAC6/FreeRTOS-01_TwoTask/Drivers/CMSIS/Include" -I"/home/hendri/MyWorkspace/workspaceAC6/FreeRTOS-01_TwoTask/Drivers/CMSIS/Device/ST/STM32F4xx/Include"  -Os -g3 -Wall -fmessage-length=0 -ffunction-sections -c -fmessage-length=0 -MMD -MP -MF"Src/freertos.d" -MT"Src/freertos.o" -o "Src/freertos.o" "../Src/freertos.c"
Finished building: ../Src/freertos.c
 
Building file: ../Src/hardwareinit.c
Invoking: MCU GCC Compiler
/home/hendri/MyWorkspace/workspaceAC6/FreeRTOS-01_TwoTask/Debug
arm-none-eabi-gcc -mcpu=cortex-m4 -mthumb -mfloat-abi=hard -mfpu=fpv4-sp-d16 -D__weak="__attribute__((weak))" -D__packed="__attribute__((__packed__))" -DUSE_HAL_DRIVER -DSTM32F407xx -I"/home/hendri/MyWorkspace/workspaceAC6/FreeRTOS-01_TwoTask/Inc" -I"/home/hendri/MyWorkspace/workspaceAC6/FreeRTOS-01_TwoTask/Drivers/STM32F4xx_HAL_Driver/Inc" -I"/home/hendri/MyWorkspace/workspaceAC6/FreeRTOS-01_TwoTask/Drivers/STM32F4xx_HAL_Driver/Inc/Legacy" -I"/home/hendri/MyWorkspace/workspaceAC6/FreeRTOS-01_TwoTask/Middlewares/Third_Party/FreeRTOS/Source/portable/GCC/ARM_CM4F" -I"/home/hendri/MyWorkspace/workspaceAC6/FreeRTOS-01_TwoTask/Middlewares/Third_Party/FreeRTOS/Source/include" -I"/home/hendri/MyWorkspace/workspaceAC6/FreeRTOS-01_TwoTask/Middlewares/Third_Party/FreeRTOS/Source/CMSIS_RTOS" -I"/home/hendri/MyWorkspace/workspaceAC6/FreeRTOS-01_TwoTask/Drivers/CMSIS/Include" -I"/home/hendri/MyWorkspace/workspaceAC6/FreeRTOS-01_TwoTask/Drivers/CMSIS/Device/ST/STM32F4xx/Include"  -Os -g3 -Wall -fmessage-length=0 -ffunction-sections -c -fmessage-length=0 -MMD -MP -MF"Src/hardwareinit.d" -MT"Src/hardwareinit.o" -o "Src/hardwareinit.o" "../Src/hardwareinit.c"
Finished building: ../Src/hardwareinit.c
 
Building file: ../Src/main.c
Invoking: MCU GCC Compiler
/home/hendri/MyWorkspace/workspaceAC6/FreeRTOS-01_TwoTask/Debug
arm-none-eabi-gcc -mcpu=cortex-m4 -mthumb -mfloat-abi=hard -mfpu=fpv4-sp-d16 -D__weak="__attribute__((weak))" -D__packed="__attribute__((__packed__))" -DUSE_HAL_DRIVER -DSTM32F407xx -I"/home/hendri/MyWorkspace/workspaceAC6/FreeRTOS-01_TwoTask/Inc" -I"/home/hendri/MyWorkspace/workspaceAC6/FreeRTOS-01_TwoTask/Drivers/STM32F4xx_HAL_Driver/Inc" -I"/home/hendri/MyWorkspace/workspaceAC6/FreeRTOS-01_TwoTask/Drivers/STM32F4xx_HAL_Driver/Inc/Legacy" -I"/home/hendri/MyWorkspace/workspaceAC6/FreeRTOS-01_TwoTask/Middlewares/Third_Party/FreeRTOS/Source/portable/GCC/ARM_CM4F" -I"/home/hendri/MyWorkspace/workspaceAC6/FreeRTOS-01_TwoTask/Middlewares/Third_Party/FreeRTOS/Source/include" -I"/home/hendri/MyWorkspace/workspaceAC6/FreeRTOS-01_TwoTask/Middlewares/Third_Party/FreeRTOS/Source/CMSIS_RTOS" -I"/home/hendri/MyWorkspace/workspaceAC6/FreeRTOS-01_TwoTask/Drivers/CMSIS/Include" -I"/home/hendri/MyWorkspace/workspaceAC6/FreeRTOS-01_TwoTask/Drivers/CMSIS/Device/ST/STM32F4xx/Include"  -Os -g3 -Wall -fmessage-length=0 -ffunction-sections -c -fmessage-length=0 -MMD -MP -MF"Src/main.d" -MT"Src/main.o" -o "Src/main.o" "../Src/main.c"
Finished building: ../Src/main.c
 
Building file: ../Src/stm32f4xx_hal_msp.c
Invoking: MCU GCC Compiler
/home/hendri/MyWorkspace/workspaceAC6/FreeRTOS-01_TwoTask/Debug
arm-none-eabi-gcc -mcpu=cortex-m4 -mthumb -mfloat-abi=hard -mfpu=fpv4-sp-d16 -D__weak="__attribute__((weak))" -D__packed="__attribute__((__packed__))" -DUSE_HAL_DRIVER -DSTM32F407xx -I"/home/hendri/MyWorkspace/workspaceAC6/FreeRTOS-01_TwoTask/Inc" -I"/home/hendri/MyWorkspace/workspaceAC6/FreeRTOS-01_TwoTask/Drivers/STM32F4xx_HAL_Driver/Inc" -I"/home/hendri/MyWorkspace/workspaceAC6/FreeRTOS-01_TwoTask/Drivers/STM32F4xx_HAL_Driver/Inc/Legacy" -I"/home/hendri/MyWorkspace/workspaceAC6/FreeRTOS-01_TwoTask/Middlewares/Third_Party/FreeRTOS/Source/portable/GCC/ARM_CM4F" -I"/home/hendri/MyWorkspace/workspaceAC6/FreeRTOS-01_TwoTask/Middlewares/Third_Party/FreeRTOS/Source/include" -I"/home/hendri/MyWorkspace/workspaceAC6/FreeRTOS-01_TwoTask/Middlewares/Third_Party/FreeRTOS/Source/CMSIS_RTOS" -I"/home/hendri/MyWorkspace/workspaceAC6/FreeRTOS-01_TwoTask/Drivers/CMSIS/Include" -I"/home/hendri/MyWorkspace/workspaceAC6/FreeRTOS-01_TwoTask/Drivers/CMSIS/Device/ST/STM32F4xx/Include"  -Os -g3 -Wall -fmessage-length=0 -ffunction-sections -c -fmessage-length=0 -MMD -MP -MF"Src/stm32f4xx_hal_msp.d" -MT"Src/stm32f4xx_hal_msp.o" -o "Src/stm32f4xx_hal_msp.o" "../Src/stm32f4xx_hal_msp.c"
Finished building: ../Src/stm32f4xx_hal_msp.c
 
Building file: ../Src/stm32f4xx_hal_timebase_TIM.c
Invoking: MCU GCC Compiler
/home/hendri/MyWorkspace/workspaceAC6/FreeRTOS-01_TwoTask/Debug
arm-none-eabi-gcc -mcpu=cortex-m4 -mthumb -mfloat-abi=hard -mfpu=fpv4-sp-d16 -D__weak="__attribute__((weak))" -D__packed="__attribute__((__packed__))" -DUSE_HAL_DRIVER -DSTM32F407xx -I"/home/hendri/MyWorkspace/workspaceAC6/FreeRTOS-01_TwoTask/Inc" -I"/home/hendri/MyWorkspace/workspaceAC6/FreeRTOS-01_TwoTask/Drivers/STM32F4xx_HAL_Driver/Inc" -I"/home/hendri/MyWorkspace/workspaceAC6/FreeRTOS-01_TwoTask/Drivers/STM32F4xx_HAL_Driver/Inc/Legacy" -I"/home/hendri/MyWorkspace/workspaceAC6/FreeRTOS-01_TwoTask/Middlewares/Third_Party/FreeRTOS/Source/portable/GCC/ARM_CM4F" -I"/home/hendri/MyWorkspace/workspaceAC6/FreeRTOS-01_TwoTask/Middlewares/Third_Party/FreeRTOS/Source/include" -I"/home/hendri/MyWorkspace/workspaceAC6/FreeRTOS-01_TwoTask/Middlewares/Third_Party/FreeRTOS/Source/CMSIS_RTOS" -I"/home/hendri/MyWorkspace/workspaceAC6/FreeRTOS-01_TwoTask/Drivers/CMSIS/Include" -I"/home/hendri/MyWorkspace/workspaceAC6/FreeRTOS-01_TwoTask/Drivers/CMSIS/Device/ST/STM32F4xx/Include"  -Os -g3 -Wall -fmessage-length=0 -ffunction-sections -c -fmessage-length=0 -MMD -MP -MF"Src/stm32f4xx_hal_timebase_TIM.d" -MT"Src/stm32f4xx_hal_timebase_TIM.o" -o "Src/stm32f4xx_hal_timebase_TIM.o" "../Src/stm32f4xx_hal_timebase_TIM.c"
Finished building: ../Src/stm32f4xx_hal_timebase_TIM.c
 
Building file: ../Src/stm32f4xx_it.c
Invoking: MCU GCC Compiler
/home/hendri/MyWorkspace/workspaceAC6/FreeRTOS-01_TwoTask/Debug
arm-none-eabi-gcc -mcpu=cortex-m4 -mthumb -mfloat-abi=hard -mfpu=fpv4-sp-d16 -D__weak="__attribute__((weak))" -D__packed="__attribute__((__packed__))" -DUSE_HAL_DRIVER -DSTM32F407xx -I"/home/hendri/MyWorkspace/workspaceAC6/FreeRTOS-01_TwoTask/Inc" -I"/home/hendri/MyWorkspace/workspaceAC6/FreeRTOS-01_TwoTask/Drivers/STM32F4xx_HAL_Driver/Inc" -I"/home/hendri/MyWorkspace/workspaceAC6/FreeRTOS-01_TwoTask/Drivers/STM32F4xx_HAL_Driver/Inc/Legacy" -I"/home/hendri/MyWorkspace/workspaceAC6/FreeRTOS-01_TwoTask/Middlewares/Third_Party/FreeRTOS/Source/portable/GCC/ARM_CM4F" -I"/home/hendri/MyWorkspace/workspaceAC6/FreeRTOS-01_TwoTask/Middlewares/Third_Party/FreeRTOS/Source/include" -I"/home/hendri/MyWorkspace/workspaceAC6/FreeRTOS-01_TwoTask/Middlewares/Third_Party/FreeRTOS/Source/CMSIS_RTOS" -I"/home/hendri/MyWorkspace/workspaceAC6/FreeRTOS-01_TwoTask/Drivers/CMSIS/Include" -I"/home/hendri/MyWorkspace/workspaceAC6/FreeRTOS-01_TwoTask/Drivers/CMSIS/Device/ST/STM32F4xx/Include"  -Os -g3 -Wall -fmessage-length=0 -ffunction-sections -c -fmessage-length=0 -MMD -MP -MF"Src/stm32f4xx_it.d" -MT"Src/stm32f4xx_it.o" -o "Src/stm32f4xx_it.o" "../Src/stm32f4xx_it.c"
Finished building: ../Src/stm32f4xx_it.c
 
Building file: ../Middlewares/Third_Party/FreeRTOS/Source/portable/MemMang/heap_4.c
Invoking: MCU GCC Compiler
/home/hendri/MyWorkspace/workspaceAC6/FreeRTOS-01_TwoTask/Debug
arm-none-eabi-gcc -mcpu=cortex-m4 -mthumb -mfloat-abi=hard -mfpu=fpv4-sp-d16 -D__weak="__attribute__((weak))" -D__packed="__attribute__((__packed__))" -DUSE_HAL_DRIVER -DSTM32F407xx -I"/home/hendri/MyWorkspace/workspaceAC6/FreeRTOS-01_TwoTask/Inc" -I"/home/hendri/MyWorkspace/workspaceAC6/FreeRTOS-01_TwoTask/Drivers/STM32F4xx_HAL_Driver/Inc" -I"/home/hendri/MyWorkspace/workspaceAC6/FreeRTOS-01_TwoTask/Drivers/STM32F4xx_HAL_Driver/Inc/Legacy" -I"/home/hendri/MyWorkspace/workspaceAC6/FreeRTOS-01_TwoTask/Middlewares/Third_Party/FreeRTOS/Source/portable/GCC/ARM_CM4F" -I"/home/hendri/MyWorkspace/workspaceAC6/FreeRTOS-01_TwoTask/Middlewares/Third_Party/FreeRTOS/Source/include" -I"/home/hendri/MyWorkspace/workspaceAC6/FreeRTOS-01_TwoTask/Middlewares/Third_Party/FreeRTOS/Source/CMSIS_RTOS" -I"/home/hendri/MyWorkspace/workspaceAC6/FreeRTOS-01_TwoTask/Drivers/CMSIS/Include" -I"/home/hendri/MyWorkspace/workspaceAC6/FreeRTOS-01_TwoTask/Drivers/CMSIS/Device/ST/STM32F4xx/Include"  -Os -g3 -Wall -fmessage-length=0 -ffunction-sections -c -fmessage-length=0 -MMD -MP -MF"Middlewares/Third_Party/FreeRTOS/Source/portable/MemMang/heap_4.d" -MT"Middlewares/Third_Party/FreeRTOS/Source/portable/MemMang/heap_4.o" -o "Middlewares/Third_Party/FreeRTOS/Source/portable/MemMang/heap_4.o" "../Middlewares/Third_Party/FreeRTOS/Source/portable/MemMang/heap_4.c"
Finished building: ../Middlewares/Third_Party/FreeRTOS/Source/portable/MemMang/heap_4.c
 
Building file: ../Middlewares/Third_Party/FreeRTOS/Source/portable/GCC/ARM_CM4F/port.c
Invoking: MCU GCC Compiler
/home/hendri/MyWorkspace/workspaceAC6/FreeRTOS-01_TwoTask/Debug
arm-none-eabi-gcc -mcpu=cortex-m4 -mthumb -mfloat-abi=hard -mfpu=fpv4-sp-d16 -D__weak="__attribute__((weak))" -D__packed="__attribute__((__packed__))" -DUSE_HAL_DRIVER -DSTM32F407xx -I"/home/hendri/MyWorkspace/workspaceAC6/FreeRTOS-01_TwoTask/Inc" -I"/home/hendri/MyWorkspace/workspaceAC6/FreeRTOS-01_TwoTask/Drivers/STM32F4xx_HAL_Driver/Inc" -I"/home/hendri/MyWorkspace/workspaceAC6/FreeRTOS-01_TwoTask/Drivers/STM32F4xx_HAL_Driver/Inc/Legacy" -I"/home/hendri/MyWorkspace/workspaceAC6/FreeRTOS-01_TwoTask/Middlewares/Third_Party/FreeRTOS/Source/portable/GCC/ARM_CM4F" -I"/home/hendri/MyWorkspace/workspaceAC6/FreeRTOS-01_TwoTask/Middlewares/Third_Party/FreeRTOS/Source/include" -I"/home/hendri/MyWorkspace/workspaceAC6/FreeRTOS-01_TwoTask/Middlewares/Third_Party/FreeRTOS/Source/CMSIS_RTOS" -I"/home/hendri/MyWorkspace/workspaceAC6/FreeRTOS-01_TwoTask/Drivers/CMSIS/Include" -I"/home/hendri/MyWorkspace/workspaceAC6/FreeRTOS-01_TwoTask/Drivers/CMSIS/Device/ST/STM32F4xx/Include"  -Os -g3 -Wall -fmessage-length=0 -ffunction-sections -c -fmessage-length=0 -MMD -MP -MF"Middlewares/Third_Party/FreeRTOS/Source/portable/GCC/ARM_CM4F/port.d" -MT"Middlewares/Third_Party/FreeRTOS/Source/portable/GCC/ARM_CM4F/port.o" -o "Middlewares/Third_Party/FreeRTOS/Source/portable/GCC/ARM_CM4F/port.o" "../Middlewares/Third_Party/FreeRTOS/Source/portable/GCC/ARM_CM4F/port.c"
Finished building: ../Middlewares/Third_Party/FreeRTOS/Source/portable/GCC/ARM_CM4F/port.c
 
Building file: ../Middlewares/Third_Party/FreeRTOS/Source/CMSIS_RTOS/cmsis_os.c
Invoking: MCU GCC Compiler
/home/hendri/MyWorkspace/workspaceAC6/FreeRTOS-01_TwoTask/Debug
arm-none-eabi-gcc -mcpu=cortex-m4 -mthumb -mfloat-abi=hard -mfpu=fpv4-sp-d16 -D__weak="__attribute__((weak))" -D__packed="__attribute__((__packed__))" -DUSE_HAL_DRIVER -DSTM32F407xx -I"/home/hendri/MyWorkspace/workspaceAC6/FreeRTOS-01_TwoTask/Inc" -I"/home/hendri/MyWorkspace/workspaceAC6/FreeRTOS-01_TwoTask/Drivers/STM32F4xx_HAL_Driver/Inc" -I"/home/hendri/MyWorkspace/workspaceAC6/FreeRTOS-01_TwoTask/Drivers/STM32F4xx_HAL_Driver/Inc/Legacy" -I"/home/hendri/MyWorkspace/workspaceAC6/FreeRTOS-01_TwoTask/Middlewares/Third_Party/FreeRTOS/Source/portable/GCC/ARM_CM4F" -I"/home/hendri/MyWorkspace/workspaceAC6/FreeRTOS-01_TwoTask/Middlewares/Third_Party/FreeRTOS/Source/include" -I"/home/hendri/MyWorkspace/workspaceAC6/FreeRTOS-01_TwoTask/Middlewares/Third_Party/FreeRTOS/Source/CMSIS_RTOS" -I"/home/hendri/MyWorkspace/workspaceAC6/FreeRTOS-01_TwoTask/Drivers/CMSIS/Include" -I"/home/hendri/MyWorkspace/workspaceAC6/FreeRTOS-01_TwoTask/Drivers/CMSIS/Device/ST/STM32F4xx/Include"  -Os -g3 -Wall -fmessage-length=0 -ffunction-sections -c -fmessage-length=0 -MMD -MP -MF"Middlewares/Third_Party/FreeRTOS/Source/CMSIS_RTOS/cmsis_os.d" -MT"Middlewares/Third_Party/FreeRTOS/Source/CMSIS_RTOS/cmsis_os.o" -o "Middlewares/Third_Party/FreeRTOS/Source/CMSIS_RTOS/cmsis_os.o" "../Middlewares/Third_Party/FreeRTOS/Source/CMSIS_RTOS/cmsis_os.c"
Finished building: ../Middlewares/Third_Party/FreeRTOS/Source/CMSIS_RTOS/cmsis_os.c
 
Building file: ../Middlewares/Third_Party/FreeRTOS/Source/croutine.c
Invoking: MCU GCC Compiler
/home/hendri/MyWorkspace/workspaceAC6/FreeRTOS-01_TwoTask/Debug
arm-none-eabi-gcc -mcpu=cortex-m4 -mthumb -mfloat-abi=hard -mfpu=fpv4-sp-d16 -D__weak="__attribute__((weak))" -D__packed="__attribute__((__packed__))" -DUSE_HAL_DRIVER -DSTM32F407xx -I"/home/hendri/MyWorkspace/workspaceAC6/FreeRTOS-01_TwoTask/Inc" -I"/home/hendri/MyWorkspace/workspaceAC6/FreeRTOS-01_TwoTask/Drivers/STM32F4xx_HAL_Driver/Inc" -I"/home/hendri/MyWorkspace/workspaceAC6/FreeRTOS-01_TwoTask/Drivers/STM32F4xx_HAL_Driver/Inc/Legacy" -I"/home/hendri/MyWorkspace/workspaceAC6/FreeRTOS-01_TwoTask/Middlewares/Third_Party/FreeRTOS/Source/portable/GCC/ARM_CM4F" -I"/home/hendri/MyWorkspace/workspaceAC6/FreeRTOS-01_TwoTask/Middlewares/Third_Party/FreeRTOS/Source/include" -I"/home/hendri/MyWorkspace/workspaceAC6/FreeRTOS-01_TwoTask/Middlewares/Third_Party/FreeRTOS/Source/CMSIS_RTOS" -I"/home/hendri/MyWorkspace/workspaceAC6/FreeRTOS-01_TwoTask/Drivers/CMSIS/Include" -I"/home/hendri/MyWorkspace/workspaceAC6/FreeRTOS-01_TwoTask/Drivers/CMSIS/Device/ST/STM32F4xx/Include"  -Os -g3 -Wall -fmessage-length=0 -ffunction-sections -c -fmessage-length=0 -MMD -MP -MF"Middlewares/Third_Party/FreeRTOS/Source/croutine.d" -MT"Middlewares/Third_Party/FreeRTOS/Source/croutine.o" -o "Middlewares/Third_Party/FreeRTOS/Source/croutine.o" "../Middlewares/Third_Party/FreeRTOS/Source/croutine.c"
Finished building: ../Middlewares/Third_Party/FreeRTOS/Source/croutine.c
 
Building file: ../Middlewares/Third_Party/FreeRTOS/Source/event_groups.c
Invoking: MCU GCC Compiler
/home/hendri/MyWorkspace/workspaceAC6/FreeRTOS-01_TwoTask/Debug
arm-none-eabi-gcc -mcpu=cortex-m4 -mthumb -mfloat-abi=hard -mfpu=fpv4-sp-d16 -D__weak="__attribute__((weak))" -D__packed="__attribute__((__packed__))" -DUSE_HAL_DRIVER -DSTM32F407xx -I"/home/hendri/MyWorkspace/workspaceAC6/FreeRTOS-01_TwoTask/Inc" -I"/home/hendri/MyWorkspace/workspaceAC6/FreeRTOS-01_TwoTask/Drivers/STM32F4xx_HAL_Driver/Inc" -I"/home/hendri/MyWorkspace/workspaceAC6/FreeRTOS-01_TwoTask/Drivers/STM32F4xx_HAL_Driver/Inc/Legacy" -I"/home/hendri/MyWorkspace/workspaceAC6/FreeRTOS-01_TwoTask/Middlewares/Third_Party/FreeRTOS/Source/portable/GCC/ARM_CM4F" -I"/home/hendri/MyWorkspace/workspaceAC6/FreeRTOS-01_TwoTask/Middlewares/Third_Party/FreeRTOS/Source/include" -I"/home/hendri/MyWorkspace/workspaceAC6/FreeRTOS-01_TwoTask/Middlewares/Third_Party/FreeRTOS/Source/CMSIS_RTOS" -I"/home/hendri/MyWorkspace/workspaceAC6/FreeRTOS-01_TwoTask/Drivers/CMSIS/Include" -I"/home/hendri/MyWorkspace/workspaceAC6/FreeRTOS-01_TwoTask/Drivers/CMSIS/Device/ST/STM32F4xx/Include"  -Os -g3 -Wall -fmessage-length=0 -ffunction-sections -c -fmessage-length=0 -MMD -MP -MF"Middlewares/Third_Party/FreeRTOS/Source/event_groups.d" -MT"Middlewares/Third_Party/FreeRTOS/Source/event_groups.o" -o "Middlewares/Third_Party/FreeRTOS/Source/event_groups.o" "../Middlewares/Third_Party/FreeRTOS/Source/event_groups.c"
Finished building: ../Middlewares/Third_Party/FreeRTOS/Source/event_groups.c
 
Building file: ../Middlewares/Third_Party/FreeRTOS/Source/list.c
Invoking: MCU GCC Compiler
/home/hendri/MyWorkspace/workspaceAC6/FreeRTOS-01_TwoTask/Debug
arm-none-eabi-gcc -mcpu=cortex-m4 -mthumb -mfloat-abi=hard -mfpu=fpv4-sp-d16 -D__weak="__attribute__((weak))" -D__packed="__attribute__((__packed__))" -DUSE_HAL_DRIVER -DSTM32F407xx -I"/home/hendri/MyWorkspace/workspaceAC6/FreeRTOS-01_TwoTask/Inc" -I"/home/hendri/MyWorkspace/workspaceAC6/FreeRTOS-01_TwoTask/Drivers/STM32F4xx_HAL_Driver/Inc" -I"/home/hendri/MyWorkspace/workspaceAC6/FreeRTOS-01_TwoTask/Drivers/STM32F4xx_HAL_Driver/Inc/Legacy" -I"/home/hendri/MyWorkspace/workspaceAC6/FreeRTOS-01_TwoTask/Middlewares/Third_Party/FreeRTOS/Source/portable/GCC/ARM_CM4F" -I"/home/hendri/MyWorkspace/workspaceAC6/FreeRTOS-01_TwoTask/Middlewares/Third_Party/FreeRTOS/Source/include" -I"/home/hendri/MyWorkspace/workspaceAC6/FreeRTOS-01_TwoTask/Middlewares/Third_Party/FreeRTOS/Source/CMSIS_RTOS" -I"/home/hendri/MyWorkspace/workspaceAC6/FreeRTOS-01_TwoTask/Drivers/CMSIS/Include" -I"/home/hendri/MyWorkspace/workspaceAC6/FreeRTOS-01_TwoTask/Drivers/CMSIS/Device/ST/STM32F4xx/Include"  -Os -g3 -Wall -fmessage-length=0 -ffunction-sections -c -fmessage-length=0 -MMD -MP -MF"Middlewares/Third_Party/FreeRTOS/Source/list.d" -MT"Middlewares/Third_Party/FreeRTOS/Source/list.o" -o "Middlewares/Third_Party/FreeRTOS/Source/list.o" "../Middlewares/Third_Party/FreeRTOS/Source/list.c"
Finished building: ../Middlewares/Third_Party/FreeRTOS/Source/list.c
 
Building file: ../Middlewares/Third_Party/FreeRTOS/Source/queue.c
Invoking: MCU GCC Compiler
/home/hendri/MyWorkspace/workspaceAC6/FreeRTOS-01_TwoTask/Debug
arm-none-eabi-gcc -mcpu=cortex-m4 -mthumb -mfloat-abi=hard -mfpu=fpv4-sp-d16 -D__weak="__attribute__((weak))" -D__packed="__attribute__((__packed__))" -DUSE_HAL_DRIVER -DSTM32F407xx -I"/home/hendri/MyWorkspace/workspaceAC6/FreeRTOS-01_TwoTask/Inc" -I"/home/hendri/MyWorkspace/workspaceAC6/FreeRTOS-01_TwoTask/Drivers/STM32F4xx_HAL_Driver/Inc" -I"/home/hendri/MyWorkspace/workspaceAC6/FreeRTOS-01_TwoTask/Drivers/STM32F4xx_HAL_Driver/Inc/Legacy" -I"/home/hendri/MyWorkspace/workspaceAC6/FreeRTOS-01_TwoTask/Middlewares/Third_Party/FreeRTOS/Source/portable/GCC/ARM_CM4F" -I"/home/hendri/MyWorkspace/workspaceAC6/FreeRTOS-01_TwoTask/Middlewares/Third_Party/FreeRTOS/Source/include" -I"/home/hendri/MyWorkspace/workspaceAC6/FreeRTOS-01_TwoTask/Middlewares/Third_Party/FreeRTOS/Source/CMSIS_RTOS" -I"/home/hendri/MyWorkspace/workspaceAC6/FreeRTOS-01_TwoTask/Drivers/CMSIS/Include" -I"/home/hendri/MyWorkspace/workspaceAC6/FreeRTOS-01_TwoTask/Drivers/CMSIS/Device/ST/STM32F4xx/Include"  -Os -g3 -Wall -fmessage-length=0 -ffunction-sections -c -fmessage-length=0 -MMD -MP -MF"Middlewares/Third_Party/FreeRTOS/Source/queue.d" -MT"Middlewares/Third_Party/FreeRTOS/Source/queue.o" -o "Middlewares/Third_Party/FreeRTOS/Source/queue.o" "../Middlewares/Third_Party/FreeRTOS/Source/queue.c"
Finished building: ../Middlewares/Third_Party/FreeRTOS/Source/queue.c
 
Building file: ../Middlewares/Third_Party/FreeRTOS/Source/tasks.c
Invoking: MCU GCC Compiler
/home/hendri/MyWorkspace/workspaceAC6/FreeRTOS-01_TwoTask/Debug
arm-none-eabi-gcc -mcpu=cortex-m4 -mthumb -mfloat-abi=hard -mfpu=fpv4-sp-d16 -D__weak="__attribute__((weak))" -D__packed="__attribute__((__packed__))" -DUSE_HAL_DRIVER -DSTM32F407xx -I"/home/hendri/MyWorkspace/workspaceAC6/FreeRTOS-01_TwoTask/Inc" -I"/home/hendri/MyWorkspace/workspaceAC6/FreeRTOS-01_TwoTask/Drivers/STM32F4xx_HAL_Driver/Inc" -I"/home/hendri/MyWorkspace/workspaceAC6/FreeRTOS-01_TwoTask/Drivers/STM32F4xx_HAL_Driver/Inc/Legacy" -I"/home/hendri/MyWorkspace/workspaceAC6/FreeRTOS-01_TwoTask/Middlewares/Third_Party/FreeRTOS/Source/portable/GCC/ARM_CM4F" -I"/home/hendri/MyWorkspace/workspaceAC6/FreeRTOS-01_TwoTask/Middlewares/Third_Party/FreeRTOS/Source/include" -I"/home/hendri/MyWorkspace/workspaceAC6/FreeRTOS-01_TwoTask/Middlewares/Third_Party/FreeRTOS/Source/CMSIS_RTOS" -I"/home/hendri/MyWorkspace/workspaceAC6/FreeRTOS-01_TwoTask/Drivers/CMSIS/Include" -I"/home/hendri/MyWorkspace/workspaceAC6/FreeRTOS-01_TwoTask/Drivers/CMSIS/Device/ST/STM32F4xx/Include"  -Os -g3 -Wall -fmessage-length=0 -ffunction-sections -c -fmessage-length=0 -MMD -MP -MF"Middlewares/Third_Party/FreeRTOS/Source/tasks.d" -MT"Middlewares/Third_Party/FreeRTOS/Source/tasks.o" -o "Middlewares/Third_Party/FreeRTOS/Source/tasks.o" "../Middlewares/Third_Party/FreeRTOS/Source/tasks.c"
Finished building: ../Middlewares/Third_Party/FreeRTOS/Source/tasks.c
 
Building file: ../Middlewares/Third_Party/FreeRTOS/Source/timers.c
Invoking: MCU GCC Compiler
/home/hendri/MyWorkspace/workspaceAC6/FreeRTOS-01_TwoTask/Debug
arm-none-eabi-gcc -mcpu=cortex-m4 -mthumb -mfloat-abi=hard -mfpu=fpv4-sp-d16 -D__weak="__attribute__((weak))" -D__packed="__attribute__((__packed__))" -DUSE_HAL_DRIVER -DSTM32F407xx -I"/home/hendri/MyWorkspace/workspaceAC6/FreeRTOS-01_TwoTask/Inc" -I"/home/hendri/MyWorkspace/workspaceAC6/FreeRTOS-01_TwoTask/Drivers/STM32F4xx_HAL_Driver/Inc" -I"/home/hendri/MyWorkspace/workspaceAC6/FreeRTOS-01_TwoTask/Drivers/STM32F4xx_HAL_Driver/Inc/Legacy" -I"/home/hendri/MyWorkspace/workspaceAC6/FreeRTOS-01_TwoTask/Middlewares/Third_Party/FreeRTOS/Source/portable/GCC/ARM_CM4F" -I"/home/hendri/MyWorkspace/workspaceAC6/FreeRTOS-01_TwoTask/Middlewares/Third_Party/FreeRTOS/Source/include" -I"/home/hendri/MyWorkspace/workspaceAC6/FreeRTOS-01_TwoTask/Middlewares/Third_Party/FreeRTOS/Source/CMSIS_RTOS" -I"/home/hendri/MyWorkspace/workspaceAC6/FreeRTOS-01_TwoTask/Drivers/CMSIS/Include" -I"/home/hendri/MyWorkspace/workspaceAC6/FreeRTOS-01_TwoTask/Drivers/CMSIS/Device/ST/STM32F4xx/Include"  -Os -g3 -Wall -fmessage-length=0 -ffunction-sections -c -fmessage-length=0 -MMD -MP -MF"Middlewares/Third_Party/FreeRTOS/Source/timers.d" -MT"Middlewares/Third_Party/FreeRTOS/Source/timers.o" -o "Middlewares/Third_Party/FreeRTOS/Source/timers.o" "../Middlewares/Third_Party/FreeRTOS/Source/timers.c"
Finished building: ../Middlewares/Third_Party/FreeRTOS/Source/timers.c
 
Building file: ../Drivers/STM32F4xx_HAL_Driver/Src/stm32f4xx_hal.c
Invoking: MCU GCC Compiler
/home/hendri/MyWorkspace/workspaceAC6/FreeRTOS-01_TwoTask/Debug
arm-none-eabi-gcc -mcpu=cortex-m4 -mthumb -mfloat-abi=hard -mfpu=fpv4-sp-d16 -D__weak="__attribute__((weak))" -D__packed="__attribute__((__packed__))" -DUSE_HAL_DRIVER -DSTM32F407xx -I"/home/hendri/MyWorkspace/workspaceAC6/FreeRTOS-01_TwoTask/Inc" -I"/home/hendri/MyWorkspace/workspaceAC6/FreeRTOS-01_TwoTask/Drivers/STM32F4xx_HAL_Driver/Inc" -I"/home/hendri/MyWorkspace/workspaceAC6/FreeRTOS-01_TwoTask/Drivers/STM32F4xx_HAL_Driver/Inc/Legacy" -I"/home/hendri/MyWorkspace/workspaceAC6/FreeRTOS-01_TwoTask/Middlewares/Third_Party/FreeRTOS/Source/portable/GCC/ARM_CM4F" -I"/home/hendri/MyWorkspace/workspaceAC6/FreeRTOS-01_TwoTask/Middlewares/Third_Party/FreeRTOS/Source/include" -I"/home/hendri/MyWorkspace/workspaceAC6/FreeRTOS-01_TwoTask/Middlewares/Third_Party/FreeRTOS/Source/CMSIS_RTOS" -I"/home/hendri/MyWorkspace/workspaceAC6/FreeRTOS-01_TwoTask/Drivers/CMSIS/Include" -I"/home/hendri/MyWorkspace/workspaceAC6/FreeRTOS-01_TwoTask/Drivers/CMSIS/Device/ST/STM32F4xx/Include"  -Os -g3 -Wall -fmessage-length=0 -ffunction-sections -c -fmessage-length=0 -MMD -MP -MF"Drivers/STM32F4xx_HAL_Driver/Src/stm32f4xx_hal.d" -MT"Drivers/STM32F4xx_HAL_Driver/Src/stm32f4xx_hal.o" -o "Drivers/STM32F4xx_HAL_Driver/Src/stm32f4xx_hal.o" "../Drivers/STM32F4xx_HAL_Driver/Src/stm32f4xx_hal.c"
Finished building: ../Drivers/STM32F4xx_HAL_Driver/Src/stm32f4xx_hal.c
 
Building file: ../Drivers/STM32F4xx_HAL_Driver/Src/stm32f4xx_hal_cortex.c
Invoking: MCU GCC Compiler
/home/hendri/MyWorkspace/workspaceAC6/FreeRTOS-01_TwoTask/Debug
arm-none-eabi-gcc -mcpu=cortex-m4 -mthumb -mfloat-abi=hard -mfpu=fpv4-sp-d16 -D__weak="__attribute__((weak))" -D__packed="__attribute__((__packed__))" -DUSE_HAL_DRIVER -DSTM32F407xx -I"/home/hendri/MyWorkspace/workspaceAC6/FreeRTOS-01_TwoTask/Inc" -I"/home/hendri/MyWorkspace/workspaceAC6/FreeRTOS-01_TwoTask/Drivers/STM32F4xx_HAL_Driver/Inc" -I"/home/hendri/MyWorkspace/workspaceAC6/FreeRTOS-01_TwoTask/Drivers/STM32F4xx_HAL_Driver/Inc/Legacy" -I"/home/hendri/MyWorkspace/workspaceAC6/FreeRTOS-01_TwoTask/Middlewares/Third_Party/FreeRTOS/Source/portable/GCC/ARM_CM4F" -I"/home/hendri/MyWorkspace/workspaceAC6/FreeRTOS-01_TwoTask/Middlewares/Third_Party/FreeRTOS/Source/include" -I"/home/hendri/MyWorkspace/workspaceAC6/FreeRTOS-01_TwoTask/Middlewares/Third_Party/FreeRTOS/Source/CMSIS_RTOS" -I"/home/hendri/MyWorkspace/workspaceAC6/FreeRTOS-01_TwoTask/Drivers/CMSIS/Include" -I"/home/hendri/MyWorkspace/workspaceAC6/FreeRTOS-01_TwoTask/Drivers/CMSIS/Device/ST/STM32F4xx/Include"  -Os -g3 -Wall -fmessage-length=0 -ffunction-sections -c -fmessage-length=0 -MMD -MP -MF"Drivers/STM32F4xx_HAL_Driver/Src/stm32f4xx_hal_cortex.d" -MT"Drivers/STM32F4xx_HAL_Driver/Src/stm32f4xx_hal_cortex.o" -o "Drivers/STM32F4xx_HAL_Driver/Src/stm32f4xx_hal_cortex.o" "../Drivers/STM32F4xx_HAL_Driver/Src/stm32f4xx_hal_cortex.c"
Finished building: ../Drivers/STM32F4xx_HAL_Driver/Src/stm32f4xx_hal_cortex.c
 
Building file: ../Drivers/STM32F4xx_HAL_Driver/Src/stm32f4xx_hal_dma.c
Invoking: MCU GCC Compiler
/home/hendri/MyWorkspace/workspaceAC6/FreeRTOS-01_TwoTask/Debug
arm-none-eabi-gcc -mcpu=cortex-m4 -mthumb -mfloat-abi=hard -mfpu=fpv4-sp-d16 -D__weak="__attribute__((weak))" -D__packed="__attribute__((__packed__))" -DUSE_HAL_DRIVER -DSTM32F407xx -I"/home/hendri/MyWorkspace/workspaceAC6/FreeRTOS-01_TwoTask/Inc" -I"/home/hendri/MyWorkspace/workspaceAC6/FreeRTOS-01_TwoTask/Drivers/STM32F4xx_HAL_Driver/Inc" -I"/home/hendri/MyWorkspace/workspaceAC6/FreeRTOS-01_TwoTask/Drivers/STM32F4xx_HAL_Driver/Inc/Legacy" -I"/home/hendri/MyWorkspace/workspaceAC6/FreeRTOS-01_TwoTask/Middlewares/Third_Party/FreeRTOS/Source/portable/GCC/ARM_CM4F" -I"/home/hendri/MyWorkspace/workspaceAC6/FreeRTOS-01_TwoTask/Middlewares/Third_Party/FreeRTOS/Source/include" -I"/home/hendri/MyWorkspace/workspaceAC6/FreeRTOS-01_TwoTask/Middlewares/Third_Party/FreeRTOS/Source/CMSIS_RTOS" -I"/home/hendri/MyWorkspace/workspaceAC6/FreeRTOS-01_TwoTask/Drivers/CMSIS/Include" -I"/home/hendri/MyWorkspace/workspaceAC6/FreeRTOS-01_TwoTask/Drivers/CMSIS/Device/ST/STM32F4xx/Include"  -Os -g3 -Wall -fmessage-length=0 -ffunction-sections -c -fmessage-length=0 -MMD -MP -MF"Drivers/STM32F4xx_HAL_Driver/Src/stm32f4xx_hal_dma.d" -MT"Drivers/STM32F4xx_HAL_Driver/Src/stm32f4xx_hal_dma.o" -o "Drivers/STM32F4xx_HAL_Driver/Src/stm32f4xx_hal_dma.o" "../Drivers/STM32F4xx_HAL_Driver/Src/stm32f4xx_hal_dma.c"
Finished building: ../Drivers/STM32F4xx_HAL_Driver/Src/stm32f4xx_hal_dma.c
 
Building file: ../Drivers/STM32F4xx_HAL_Driver/Src/stm32f4xx_hal_dma_ex.c
Invoking: MCU GCC Compiler
/home/hendri/MyWorkspace/workspaceAC6/FreeRTOS-01_TwoTask/Debug
arm-none-eabi-gcc -mcpu=cortex-m4 -mthumb -mfloat-abi=hard -mfpu=fpv4-sp-d16 -D__weak="__attribute__((weak))" -D__packed="__attribute__((__packed__))" -DUSE_HAL_DRIVER -DSTM32F407xx -I"/home/hendri/MyWorkspace/workspaceAC6/FreeRTOS-01_TwoTask/Inc" -I"/home/hendri/MyWorkspace/workspaceAC6/FreeRTOS-01_TwoTask/Drivers/STM32F4xx_HAL_Driver/Inc" -I"/home/hendri/MyWorkspace/workspaceAC6/FreeRTOS-01_TwoTask/Drivers/STM32F4xx_HAL_Driver/Inc/Legacy" -I"/home/hendri/MyWorkspace/workspaceAC6/FreeRTOS-01_TwoTask/Middlewares/Third_Party/FreeRTOS/Source/portable/GCC/ARM_CM4F" -I"/home/hendri/MyWorkspace/workspaceAC6/FreeRTOS-01_TwoTask/Middlewares/Third_Party/FreeRTOS/Source/include" -I"/home/hendri/MyWorkspace/workspaceAC6/FreeRTOS-01_TwoTask/Middlewares/Third_Party/FreeRTOS/Source/CMSIS_RTOS" -I"/home/hendri/MyWorkspace/workspaceAC6/FreeRTOS-01_TwoTask/Drivers/CMSIS/Include" -I"/home/hendri/MyWorkspace/workspaceAC6/FreeRTOS-01_TwoTask/Drivers/CMSIS/Device/ST/STM32F4xx/Include"  -Os -g3 -Wall -fmessage-length=0 -ffunction-sections -c -fmessage-length=0 -MMD -MP -MF"Drivers/STM32F4xx_HAL_Driver/Src/stm32f4xx_hal_dma_ex.d" -MT"Drivers/STM32F4xx_HAL_Driver/Src/stm32f4xx_hal_dma_ex.o" -o "Drivers/STM32F4xx_HAL_Driver/Src/stm32f4xx_hal_dma_ex.o" "../Drivers/STM32F4xx_HAL_Driver/Src/stm32f4xx_hal_dma_ex.c"
Finished building: ../Drivers/STM32F4xx_HAL_Driver/Src/stm32f4xx_hal_dma_ex.c
 
Building file: ../Drivers/STM32F4xx_HAL_Driver/Src/stm32f4xx_hal_flash.c
Invoking: MCU GCC Compiler
/home/hendri/MyWorkspace/workspaceAC6/FreeRTOS-01_TwoTask/Debug
arm-none-eabi-gcc -mcpu=cortex-m4 -mthumb -mfloat-abi=hard -mfpu=fpv4-sp-d16 -D__weak="__attribute__((weak))" -D__packed="__attribute__((__packed__))" -DUSE_HAL_DRIVER -DSTM32F407xx -I"/home/hendri/MyWorkspace/workspaceAC6/FreeRTOS-01_TwoTask/Inc" -I"/home/hendri/MyWorkspace/workspaceAC6/FreeRTOS-01_TwoTask/Drivers/STM32F4xx_HAL_Driver/Inc" -I"/home/hendri/MyWorkspace/workspaceAC6/FreeRTOS-01_TwoTask/Drivers/STM32F4xx_HAL_Driver/Inc/Legacy" -I"/home/hendri/MyWorkspace/workspaceAC6/FreeRTOS-01_TwoTask/Middlewares/Third_Party/FreeRTOS/Source/portable/GCC/ARM_CM4F" -I"/home/hendri/MyWorkspace/workspaceAC6/FreeRTOS-01_TwoTask/Middlewares/Third_Party/FreeRTOS/Source/include" -I"/home/hendri/MyWorkspace/workspaceAC6/FreeRTOS-01_TwoTask/Middlewares/Third_Party/FreeRTOS/Source/CMSIS_RTOS" -I"/home/hendri/MyWorkspace/workspaceAC6/FreeRTOS-01_TwoTask/Drivers/CMSIS/Include" -I"/home/hendri/MyWorkspace/workspaceAC6/FreeRTOS-01_TwoTask/Drivers/CMSIS/Device/ST/STM32F4xx/Include"  -Os -g3 -Wall -fmessage-length=0 -ffunction-sections -c -fmessage-length=0 -MMD -MP -MF"Drivers/STM32F4xx_HAL_Driver/Src/stm32f4xx_hal_flash.d" -MT"Drivers/STM32F4xx_HAL_Driver/Src/stm32f4xx_hal_flash.o" -o "Drivers/STM32F4xx_HAL_Driver/Src/stm32f4xx_hal_flash.o" "../Drivers/STM32F4xx_HAL_Driver/Src/stm32f4xx_hal_flash.c"
Finished building: ../Drivers/STM32F4xx_HAL_Driver/Src/stm32f4xx_hal_flash.c
 
Building file: ../Drivers/STM32F4xx_HAL_Driver/Src/stm32f4xx_hal_flash_ex.c
Invoking: MCU GCC Compiler
/home/hendri/MyWorkspace/workspaceAC6/FreeRTOS-01_TwoTask/Debug
arm-none-eabi-gcc -mcpu=cortex-m4 -mthumb -mfloat-abi=hard -mfpu=fpv4-sp-d16 -D__weak="__attribute__((weak))" -D__packed="__attribute__((__packed__))" -DUSE_HAL_DRIVER -DSTM32F407xx -I"/home/hendri/MyWorkspace/workspaceAC6/FreeRTOS-01_TwoTask/Inc" -I"/home/hendri/MyWorkspace/workspaceAC6/FreeRTOS-01_TwoTask/Drivers/STM32F4xx_HAL_Driver/Inc" -I"/home/hendri/MyWorkspace/workspaceAC6/FreeRTOS-01_TwoTask/Drivers/STM32F4xx_HAL_Driver/Inc/Legacy" -I"/home/hendri/MyWorkspace/workspaceAC6/FreeRTOS-01_TwoTask/Middlewares/Third_Party/FreeRTOS/Source/portable/GCC/ARM_CM4F" -I"/home/hendri/MyWorkspace/workspaceAC6/FreeRTOS-01_TwoTask/Middlewares/Third_Party/FreeRTOS/Source/include" -I"/home/hendri/MyWorkspace/workspaceAC6/FreeRTOS-01_TwoTask/Middlewares/Third_Party/FreeRTOS/Source/CMSIS_RTOS" -I"/home/hendri/MyWorkspace/workspaceAC6/FreeRTOS-01_TwoTask/Drivers/CMSIS/Include" -I"/home/hendri/MyWorkspace/workspaceAC6/FreeRTOS-01_TwoTask/Drivers/CMSIS/Device/ST/STM32F4xx/Include"  -Os -g3 -Wall -fmessage-length=0 -ffunction-sections -c -fmessage-length=0 -MMD -MP -MF"Drivers/STM32F4xx_HAL_Driver/Src/stm32f4xx_hal_flash_ex.d" -MT"Drivers/STM32F4xx_HAL_Driver/Src/stm32f4xx_hal_flash_ex.o" -o "Drivers/STM32F4xx_HAL_Driver/Src/stm32f4xx_hal_flash_ex.o" "../Drivers/STM32F4xx_HAL_Driver/Src/stm32f4xx_hal_flash_ex.c"
Finished building: ../Drivers/STM32F4xx_HAL_Driver/Src/stm32f4xx_hal_flash_ex.c
 
Building file: ../Drivers/STM32F4xx_HAL_Driver/Src/stm32f4xx_hal_flash_ramfunc.c
Invoking: MCU GCC Compiler
/home/hendri/MyWorkspace/workspaceAC6/FreeRTOS-01_TwoTask/Debug
arm-none-eabi-gcc -mcpu=cortex-m4 -mthumb -mfloat-abi=hard -mfpu=fpv4-sp-d16 -D__weak="__attribute__((weak))" -D__packed="__attribute__((__packed__))" -DUSE_HAL_DRIVER -DSTM32F407xx -I"/home/hendri/MyWorkspace/workspaceAC6/FreeRTOS-01_TwoTask/Inc" -I"/home/hendri/MyWorkspace/workspaceAC6/FreeRTOS-01_TwoTask/Drivers/STM32F4xx_HAL_Driver/Inc" -I"/home/hendri/MyWorkspace/workspaceAC6/FreeRTOS-01_TwoTask/Drivers/STM32F4xx_HAL_Driver/Inc/Legacy" -I"/home/hendri/MyWorkspace/workspaceAC6/FreeRTOS-01_TwoTask/Middlewares/Third_Party/FreeRTOS/Source/portable/GCC/ARM_CM4F" -I"/home/hendri/MyWorkspace/workspaceAC6/FreeRTOS-01_TwoTask/Middlewares/Third_Party/FreeRTOS/Source/include" -I"/home/hendri/MyWorkspace/workspaceAC6/FreeRTOS-01_TwoTask/Middlewares/Third_Party/FreeRTOS/Source/CMSIS_RTOS" -I"/home/hendri/MyWorkspace/workspaceAC6/FreeRTOS-01_TwoTask/Drivers/CMSIS/Include" -I"/home/hendri/MyWorkspace/workspaceAC6/FreeRTOS-01_TwoTask/Drivers/CMSIS/Device/ST/STM32F4xx/Include"  -Os -g3 -Wall -fmessage-length=0 -ffunction-sections -c -fmessage-length=0 -MMD -MP -MF"Drivers/STM32F4xx_HAL_Driver/Src/stm32f4xx_hal_flash_ramfunc.d" -MT"Drivers/STM32F4xx_HAL_Driver/Src/stm32f4xx_hal_flash_ramfunc.o" -o "Drivers/STM32F4xx_HAL_Driver/Src/stm32f4xx_hal_flash_ramfunc.o" "../Drivers/STM32F4xx_HAL_Driver/Src/stm32f4xx_hal_flash_ramfunc.c"
Finished building: ../Drivers/STM32F4xx_HAL_Driver/Src/stm32f4xx_hal_flash_ramfunc.c
 
Building file: ../Drivers/STM32F4xx_HAL_Driver/Src/stm32f4xx_hal_gpio.c
Invoking: MCU GCC Compiler
/home/hendri/MyWorkspace/workspaceAC6/FreeRTOS-01_TwoTask/Debug
arm-none-eabi-gcc -mcpu=cortex-m4 -mthumb -mfloat-abi=hard -mfpu=fpv4-sp-d16 -D__weak="__attribute__((weak))" -D__packed="__attribute__((__packed__))" -DUSE_HAL_DRIVER -DSTM32F407xx -I"/home/hendri/MyWorkspace/workspaceAC6/FreeRTOS-01_TwoTask/Inc" -I"/home/hendri/MyWorkspace/workspaceAC6/FreeRTOS-01_TwoTask/Drivers/STM32F4xx_HAL_Driver/Inc" -I"/home/hendri/MyWorkspace/workspaceAC6/FreeRTOS-01_TwoTask/Drivers/STM32F4xx_HAL_Driver/Inc/Legacy" -I"/home/hendri/MyWorkspace/workspaceAC6/FreeRTOS-01_TwoTask/Middlewares/Third_Party/FreeRTOS/Source/portable/GCC/ARM_CM4F" -I"/home/hendri/MyWorkspace/workspaceAC6/FreeRTOS-01_TwoTask/Middlewares/Third_Party/FreeRTOS/Source/include" -I"/home/hendri/MyWorkspace/workspaceAC6/FreeRTOS-01_TwoTask/Middlewares/Third_Party/FreeRTOS/Source/CMSIS_RTOS" -I"/home/hendri/MyWorkspace/workspaceAC6/FreeRTOS-01_TwoTask/Drivers/CMSIS/Include" -I"/home/hendri/MyWorkspace/workspaceAC6/FreeRTOS-01_TwoTask/Drivers/CMSIS/Device/ST/STM32F4xx/Include"  -Os -g3 -Wall -fmessage-length=0 -ffunction-sections -c -fmessage-length=0 -MMD -MP -MF"Drivers/STM32F4xx_HAL_Driver/Src/stm32f4xx_hal_gpio.d" -MT"Drivers/STM32F4xx_HAL_Driver/Src/stm32f4xx_hal_gpio.o" -o "Drivers/STM32F4xx_HAL_Driver/Src/stm32f4xx_hal_gpio.o" "../Drivers/STM32F4xx_HAL_Driver/Src/stm32f4xx_hal_gpio.c"
Finished building: ../Drivers/STM32F4xx_HAL_Driver/Src/stm32f4xx_hal_gpio.c
 
Building file: ../Drivers/STM32F4xx_HAL_Driver/Src/stm32f4xx_hal_pwr.c
Invoking: MCU GCC Compiler
/home/hendri/MyWorkspace/workspaceAC6/FreeRTOS-01_TwoTask/Debug
arm-none-eabi-gcc -mcpu=cortex-m4 -mthumb -mfloat-abi=hard -mfpu=fpv4-sp-d16 -D__weak="__attribute__((weak))" -D__packed="__attribute__((__packed__))" -DUSE_HAL_DRIVER -DSTM32F407xx -I"/home/hendri/MyWorkspace/workspaceAC6/FreeRTOS-01_TwoTask/Inc" -I"/home/hendri/MyWorkspace/workspaceAC6/FreeRTOS-01_TwoTask/Drivers/STM32F4xx_HAL_Driver/Inc" -I"/home/hendri/MyWorkspace/workspaceAC6/FreeRTOS-01_TwoTask/Drivers/STM32F4xx_HAL_Driver/Inc/Legacy" -I"/home/hendri/MyWorkspace/workspaceAC6/FreeRTOS-01_TwoTask/Middlewares/Third_Party/FreeRTOS/Source/portable/GCC/ARM_CM4F" -I"/home/hendri/MyWorkspace/workspaceAC6/FreeRTOS-01_TwoTask/Middlewares/Third_Party/FreeRTOS/Source/include" -I"/home/hendri/MyWorkspace/workspaceAC6/FreeRTOS-01_TwoTask/Middlewares/Third_Party/FreeRTOS/Source/CMSIS_RTOS" -I"/home/hendri/MyWorkspace/workspaceAC6/FreeRTOS-01_TwoTask/Drivers/CMSIS/Include" -I"/home/hendri/MyWorkspace/workspaceAC6/FreeRTOS-01_TwoTask/Drivers/CMSIS/Device/ST/STM32F4xx/Include"  -Os -g3 -Wall -fmessage-length=0 -ffunction-sections -c -fmessage-length=0 -MMD -MP -MF"Drivers/STM32F4xx_HAL_Driver/Src/stm32f4xx_hal_pwr.d" -MT"Drivers/STM32F4xx_HAL_Driver/Src/stm32f4xx_hal_pwr.o" -o "Drivers/STM32F4xx_HAL_Driver/Src/stm32f4xx_hal_pwr.o" "../Drivers/STM32F4xx_HAL_Driver/Src/stm32f4xx_hal_pwr.c"
Finished building: ../Drivers/STM32F4xx_HAL_Driver/Src/stm32f4xx_hal_pwr.c
 
Building file: ../Drivers/STM32F4xx_HAL_Driver/Src/stm32f4xx_hal_pwr_ex.c
Invoking: MCU GCC Compiler
/home/hendri/MyWorkspace/workspaceAC6/FreeRTOS-01_TwoTask/Debug
arm-none-eabi-gcc -mcpu=cortex-m4 -mthumb -mfloat-abi=hard -mfpu=fpv4-sp-d16 -D__weak="__attribute__((weak))" -D__packed="__attribute__((__packed__))" -DUSE_HAL_DRIVER -DSTM32F407xx -I"/home/hendri/MyWorkspace/workspaceAC6/FreeRTOS-01_TwoTask/Inc" -I"/home/hendri/MyWorkspace/workspaceAC6/FreeRTOS-01_TwoTask/Drivers/STM32F4xx_HAL_Driver/Inc" -I"/home/hendri/MyWorkspace/workspaceAC6/FreeRTOS-01_TwoTask/Drivers/STM32F4xx_HAL_Driver/Inc/Legacy" -I"/home/hendri/MyWorkspace/workspaceAC6/FreeRTOS-01_TwoTask/Middlewares/Third_Party/FreeRTOS/Source/portable/GCC/ARM_CM4F" -I"/home/hendri/MyWorkspace/workspaceAC6/FreeRTOS-01_TwoTask/Middlewares/Third_Party/FreeRTOS/Source/include" -I"/home/hendri/MyWorkspace/workspaceAC6/FreeRTOS-01_TwoTask/Middlewares/Third_Party/FreeRTOS/Source/CMSIS_RTOS" -I"/home/hendri/MyWorkspace/workspaceAC6/FreeRTOS-01_TwoTask/Drivers/CMSIS/Include" -I"/home/hendri/MyWorkspace/workspaceAC6/FreeRTOS-01_TwoTask/Drivers/CMSIS/Device/ST/STM32F4xx/Include"  -Os -g3 -Wall -fmessage-length=0 -ffunction-sections -c -fmessage-length=0 -MMD -MP -MF"Drivers/STM32F4xx_HAL_Driver/Src/stm32f4xx_hal_pwr_ex.d" -MT"Drivers/STM32F4xx_HAL_Driver/Src/stm32f4xx_hal_pwr_ex.o" -o "Drivers/STM32F4xx_HAL_Driver/Src/stm32f4xx_hal_pwr_ex.o" "../Drivers/STM32F4xx_HAL_Driver/Src/stm32f4xx_hal_pwr_ex.c"
Finished building: ../Drivers/STM32F4xx_HAL_Driver/Src/stm32f4xx_hal_pwr_ex.c
 
Building file: ../Drivers/STM32F4xx_HAL_Driver/Src/stm32f4xx_hal_rcc.c
Invoking: MCU GCC Compiler
/home/hendri/MyWorkspace/workspaceAC6/FreeRTOS-01_TwoTask/Debug
arm-none-eabi-gcc -mcpu=cortex-m4 -mthumb -mfloat-abi=hard -mfpu=fpv4-sp-d16 -D__weak="__attribute__((weak))" -D__packed="__attribute__((__packed__))" -DUSE_HAL_DRIVER -DSTM32F407xx -I"/home/hendri/MyWorkspace/workspaceAC6/FreeRTOS-01_TwoTask/Inc" -I"/home/hendri/MyWorkspace/workspaceAC6/FreeRTOS-01_TwoTask/Drivers/STM32F4xx_HAL_Driver/Inc" -I"/home/hendri/MyWorkspace/workspaceAC6/FreeRTOS-01_TwoTask/Drivers/STM32F4xx_HAL_Driver/Inc/Legacy" -I"/home/hendri/MyWorkspace/workspaceAC6/FreeRTOS-01_TwoTask/Middlewares/Third_Party/FreeRTOS/Source/portable/GCC/ARM_CM4F" -I"/home/hendri/MyWorkspace/workspaceAC6/FreeRTOS-01_TwoTask/Middlewares/Third_Party/FreeRTOS/Source/include" -I"/home/hendri/MyWorkspace/workspaceAC6/FreeRTOS-01_TwoTask/Middlewares/Third_Party/FreeRTOS/Source/CMSIS_RTOS" -I"/home/hendri/MyWorkspace/workspaceAC6/FreeRTOS-01_TwoTask/Drivers/CMSIS/Include" -I"/home/hendri/MyWorkspace/workspaceAC6/FreeRTOS-01_TwoTask/Drivers/CMSIS/Device/ST/STM32F4xx/Include"  -Os -g3 -Wall -fmessage-length=0 -ffunction-sections -c -fmessage-length=0 -MMD -MP -MF"Drivers/STM32F4xx_HAL_Driver/Src/stm32f4xx_hal_rcc.d" -MT"Drivers/STM32F4xx_HAL_Driver/Src/stm32f4xx_hal_rcc.o" -o "Drivers/STM32F4xx_HAL_Driver/Src/stm32f4xx_hal_rcc.o" "../Drivers/STM32F4xx_HAL_Driver/Src/stm32f4xx_hal_rcc.c"
Finished building: ../Drivers/STM32F4xx_HAL_Driver/Src/stm32f4xx_hal_rcc.c
 
Building file: ../Drivers/STM32F4xx_HAL_Driver/Src/stm32f4xx_hal_rcc_ex.c
Invoking: MCU GCC Compiler
/home/hendri/MyWorkspace/workspaceAC6/FreeRTOS-01_TwoTask/Debug
arm-none-eabi-gcc -mcpu=cortex-m4 -mthumb -mfloat-abi=hard -mfpu=fpv4-sp-d16 -D__weak="__attribute__((weak))" -D__packed="__attribute__((__packed__))" -DUSE_HAL_DRIVER -DSTM32F407xx -I"/home/hendri/MyWorkspace/workspaceAC6/FreeRTOS-01_TwoTask/Inc" -I"/home/hendri/MyWorkspace/workspaceAC6/FreeRTOS-01_TwoTask/Drivers/STM32F4xx_HAL_Driver/Inc" -I"/home/hendri/MyWorkspace/workspaceAC6/FreeRTOS-01_TwoTask/Drivers/STM32F4xx_HAL_Driver/Inc/Legacy" -I"/home/hendri/MyWorkspace/workspaceAC6/FreeRTOS-01_TwoTask/Middlewares/Third_Party/FreeRTOS/Source/portable/GCC/ARM_CM4F" -I"/home/hendri/MyWorkspace/workspaceAC6/FreeRTOS-01_TwoTask/Middlewares/Third_Party/FreeRTOS/Source/include" -I"/home/hendri/MyWorkspace/workspaceAC6/FreeRTOS-01_TwoTask/Middlewares/Third_Party/FreeRTOS/Source/CMSIS_RTOS" -I"/home/hendri/MyWorkspace/workspaceAC6/FreeRTOS-01_TwoTask/Drivers/CMSIS/Include" -I"/home/hendri/MyWorkspace/workspaceAC6/FreeRTOS-01_TwoTask/Drivers/CMSIS/Device/ST/STM32F4xx/Include"  -Os -g3 -Wall -fmessage-length=0 -ffunction-sections -c -fmessage-length=0 -MMD -MP -MF"Drivers/STM32F4xx_HAL_Driver/Src/stm32f4xx_hal_rcc_ex.d" -MT"Drivers/STM32F4xx_HAL_Driver/Src/stm32f4xx_hal_rcc_ex.o" -o "Drivers/STM32F4xx_HAL_Driver/Src/stm32f4xx_hal_rcc_ex.o" "../Drivers/STM32F4xx_HAL_Driver/Src/stm32f4xx_hal_rcc_ex.c"
Finished building: ../Drivers/STM32F4xx_HAL_Driver/Src/stm32f4xx_hal_rcc_ex.c
 
Building file: ../Drivers/STM32F4xx_HAL_Driver/Src/stm32f4xx_hal_tim.c
Invoking: MCU GCC Compiler
/home/hendri/MyWorkspace/workspaceAC6/FreeRTOS-01_TwoTask/Debug
arm-none-eabi-gcc -mcpu=cortex-m4 -mthumb -mfloat-abi=hard -mfpu=fpv4-sp-d16 -D__weak="__attribute__((weak))" -D__packed="__attribute__((__packed__))" -DUSE_HAL_DRIVER -DSTM32F407xx -I"/home/hendri/MyWorkspace/workspaceAC6/FreeRTOS-01_TwoTask/Inc" -I"/home/hendri/MyWorkspace/workspaceAC6/FreeRTOS-01_TwoTask/Drivers/STM32F4xx_HAL_Driver/Inc" -I"/home/hendri/MyWorkspace/workspaceAC6/FreeRTOS-01_TwoTask/Drivers/STM32F4xx_HAL_Driver/Inc/Legacy" -I"/home/hendri/MyWorkspace/workspaceAC6/FreeRTOS-01_TwoTask/Middlewares/Third_Party/FreeRTOS/Source/portable/GCC/ARM_CM4F" -I"/home/hendri/MyWorkspace/workspaceAC6/FreeRTOS-01_TwoTask/Middlewares/Third_Party/FreeRTOS/Source/include" -I"/home/hendri/MyWorkspace/workspaceAC6/FreeRTOS-01_TwoTask/Middlewares/Third_Party/FreeRTOS/Source/CMSIS_RTOS" -I"/home/hendri/MyWorkspace/workspaceAC6/FreeRTOS-01_TwoTask/Drivers/CMSIS/Include" -I"/home/hendri/MyWorkspace/workspaceAC6/FreeRTOS-01_TwoTask/Drivers/CMSIS/Device/ST/STM32F4xx/Include"  -Os -g3 -Wall -fmessage-length=0 -ffunction-sections -c -fmessage-length=0 -MMD -MP -MF"Drivers/STM32F4xx_HAL_Driver/Src/stm32f4xx_hal_tim.d" -MT"Drivers/STM32F4xx_HAL_Driver/Src/stm32f4xx_hal_tim.o" -o "Drivers/STM32F4xx_HAL_Driver/Src/stm32f4xx_hal_tim.o" "../Drivers/STM32F4xx_HAL_Driver/Src/stm32f4xx_hal_tim.c"
Finished building: ../Drivers/STM32F4xx_HAL_Driver/Src/stm32f4xx_hal_tim.c
 
Building file: ../Drivers/STM32F4xx_HAL_Driver/Src/stm32f4xx_hal_tim_ex.c
Invoking: MCU GCC Compiler
/home/hendri/MyWorkspace/workspaceAC6/FreeRTOS-01_TwoTask/Debug
arm-none-eabi-gcc -mcpu=cortex-m4 -mthumb -mfloat-abi=hard -mfpu=fpv4-sp-d16 -D__weak="__attribute__((weak))" -D__packed="__attribute__((__packed__))" -DUSE_HAL_DRIVER -DSTM32F407xx -I"/home/hendri/MyWorkspace/workspaceAC6/FreeRTOS-01_TwoTask/Inc" -I"/home/hendri/MyWorkspace/workspaceAC6/FreeRTOS-01_TwoTask/Drivers/STM32F4xx_HAL_Driver/Inc" -I"/home/hendri/MyWorkspace/workspaceAC6/FreeRTOS-01_TwoTask/Drivers/STM32F4xx_HAL_Driver/Inc/Legacy" -I"/home/hendri/MyWorkspace/workspaceAC6/FreeRTOS-01_TwoTask/Middlewares/Third_Party/FreeRTOS/Source/portable/GCC/ARM_CM4F" -I"/home/hendri/MyWorkspace/workspaceAC6/FreeRTOS-01_TwoTask/Middlewares/Third_Party/FreeRTOS/Source/include" -I"/home/hendri/MyWorkspace/workspaceAC6/FreeRTOS-01_TwoTask/Middlewares/Third_Party/FreeRTOS/Source/CMSIS_RTOS" -I"/home/hendri/MyWorkspace/workspaceAC6/FreeRTOS-01_TwoTask/Drivers/CMSIS/Include" -I"/home/hendri/MyWorkspace/workspaceAC6/FreeRTOS-01_TwoTask/Drivers/CMSIS/Device/ST/STM32F4xx/Include"  -Os -g3 -Wall -fmessage-length=0 -ffunction-sections -c -fmessage-length=0 -MMD -MP -MF"Drivers/STM32F4xx_HAL_Driver/Src/stm32f4xx_hal_tim_ex.d" -MT"Drivers/STM32F4xx_HAL_Driver/Src/stm32f4xx_hal_tim_ex.o" -o "Drivers/STM32F4xx_HAL_Driver/Src/stm32f4xx_hal_tim_ex.o" "../Drivers/STM32F4xx_HAL_Driver/Src/stm32f4xx_hal_tim_ex.c"
Finished building: ../Drivers/STM32F4xx_HAL_Driver/Src/stm32f4xx_hal_tim_ex.c
 
Building file: ../Drivers/CMSIS/Device/ST/STM32F4xx/Source/Templates/gcc/startup_stm32f407xx.s
Invoking: MCU GCC Assembler
/home/hendri/MyWorkspace/workspaceAC6/FreeRTOS-01_TwoTask/Debug
arm-none-eabi-as -mcpu=cortex-m4 -mthumb -mfloat-abi=hard -mfpu=fpv4-sp-d16 -g -o "Drivers/CMSIS/Device/ST/STM32F4xx/Source/Templates/gcc/startup_stm32f407xx.o" "../Drivers/CMSIS/Device/ST/STM32F4xx/Source/Templates/gcc/startup_stm32f407xx.s"
Finished building: ../Drivers/CMSIS/Device/ST/STM32F4xx/Source/Templates/gcc/startup_stm32f407xx.s
 
Building file: ../Drivers/CMSIS/Device/ST/STM32F4xx/Source/Templates/system_stm32f4xx.c
Invoking: MCU GCC Compiler
/home/hendri/MyWorkspace/workspaceAC6/FreeRTOS-01_TwoTask/Debug
arm-none-eabi-gcc -mcpu=cortex-m4 -mthumb -mfloat-abi=hard -mfpu=fpv4-sp-d16 -D__weak="__attribute__((weak))" -D__packed="__attribute__((__packed__))" -DUSE_HAL_DRIVER -DSTM32F407xx -I"/home/hendri/MyWorkspace/workspaceAC6/FreeRTOS-01_TwoTask/Inc" -I"/home/hendri/MyWorkspace/workspaceAC6/FreeRTOS-01_TwoTask/Drivers/STM32F4xx_HAL_Driver/Inc" -I"/home/hendri/MyWorkspace/workspaceAC6/FreeRTOS-01_TwoTask/Drivers/STM32F4xx_HAL_Driver/Inc/Legacy" -I"/home/hendri/MyWorkspace/workspaceAC6/FreeRTOS-01_TwoTask/Middlewares/Third_Party/FreeRTOS/Source/portable/GCC/ARM_CM4F" -I"/home/hendri/MyWorkspace/workspaceAC6/FreeRTOS-01_TwoTask/Middlewares/Third_Party/FreeRTOS/Source/include" -I"/home/hendri/MyWorkspace/workspaceAC6/FreeRTOS-01_TwoTask/Middlewares/Third_Party/FreeRTOS/Source/CMSIS_RTOS" -I"/home/hendri/MyWorkspace/workspaceAC6/FreeRTOS-01_TwoTask/Drivers/CMSIS/Include" -I"/home/hendri/MyWorkspace/workspaceAC6/FreeRTOS-01_TwoTask/Drivers/CMSIS/Device/ST/STM32F4xx/Include"  -Os -g3 -Wall -fmessage-length=0 -ffunction-sections -c -fmessage-length=0 -MMD -MP -MF"Drivers/CMSIS/Device/ST/STM32F4xx/Source/Templates/system_stm32f4xx.d" -MT"Drivers/CMSIS/Device/ST/STM32F4xx/Source/Templates/system_stm32f4xx.o" -o "Drivers/CMSIS/Device/ST/STM32F4xx/Source/Templates/system_stm32f4xx.o" "../Drivers/CMSIS/Device/ST/STM32F4xx/Source/Templates/system_stm32f4xx.c"
Finished building: ../Drivers/CMSIS/Device/ST/STM32F4xx/Source/Templates/system_stm32f4xx.c
 
Building target: FreeRTOS-01_TwoTask.elf
Invoking: MCU GCC Linker
arm-none-eabi-gcc -mcpu=cortex-m4 -mthumb -mfloat-abi=hard -mfpu=fpv4-sp-d16 -specs=nosys.specs -specs=nano.specs -T"../STM32F407VGTx_FLASH.ld" -Wl,-Map=output.map -Wl,--gc-sections -lm -o "FreeRTOS-01_TwoTask.elf" @"objects.list"  
Finished building target: FreeRTOS-01_TwoTask.elf
 
make --no-print-directory post-build
Generating binary and Printing size information:
arm-none-eabi-objcopy -O binary "FreeRTOS-01_TwoTask.elf" "FreeRTOS-01_TwoTask.bin"
arm-none-eabi-size "FreeRTOS-01_TwoTask.elf"
   text	   data	    bss	    dec	    hex	filename
   7456	     20	  17316	  24792	   60d8	FreeRTOS-01_TwoTask.elf
 

16:28:06 Build Finished (took 6s.629ms)

