08:09:58 **** Clean-only build of configuration Debug for project p01a-countingObject ****
make clean 
rm -rf *
 
08:09:58 **** Clean-only build of configuration Debug for project p01b-countingObject_withFunction ****
make clean 
rm -rf *
 
08:09:59 **** Clean-only build of configuration Debug for project p01c-countingObject_withReset_tugas ****
make clean 
rm -rf *
 
08:09:59 **** Clean-only build of configuration Debug for project p02a-countingObject_Berstruktur ****
make clean 
rm -rf *
 
08:09:59 **** Clean-only build of configuration Debug for project p02b-countingObject_BerstrukturReset_tugas ****
make clean 
rm -rf *
 
08:09:59 **** Clean-only build of configuration Debug for project p03a-Timeout-uart ****
make clean 
rm -rf *
 
08:09:59 **** Clean-only build of configuration Debug for project p03b-Timeout-uart2-reset-tugas ****
make clean 
rm -rf *
 
08:09:59 **** Clean-only build of configuration Debug for project p04a-SEOSObjectDetected ****
make clean 
rm -rf *
 
08:09:59 **** Clean-only build of configuration Debug for project p04b-SEOSObjectDetected-reset-Function_tugas ****
make clean 
rm -rf *
 
08:09:59 **** Clean-only build of configuration Debug for project p05a-State_Time ****
make clean 
rm -rf *
 
08:10:00 **** Clean-only build of configuration Debug for project p05b-State_input_DoorLock ****
make clean 
rm -rf *
 
08:10:00 **** Clean-only build of configuration Debug for project p06a-SCH_Timer ****
make clean 
rm -rf *
 
